[4hAWSWeb:~# ls
[4l[4hAWSWeb:~# cd /
[4l[4hAWSWeb:/# ls
[4lsys        bin        mnt        media      vmlinuz    opt        cdrom      
selinux    tmp        proc       sbin       etc        dev        srv        
initrd.img lib        home       var        usr        boot       root       
lost+found 
[4hAWSWeb:/# cd[1D[1P[1D[1Pifconfig
[4leth0      Link encap:Ethernet  HWaddr 00:4c:a8:ab:32:f4  
          inet addr:10.98.55.4  Bcast:10.98.55.255  Mask:255.255.255.0
          inet6 addr: fe80::21f:c6ac:fd44:24d7/64 Scope:Link
          UP BROADCAST RUNNING MULTICAST  MTU:1500  Metric:1
          RX packets:84045991 errors:0 dropped:0 overruns:0 frame:0
          TX packets:103776307 errors:0 dropped:0 overruns:0 carrier:2
          collisions:0 txqueuelen:1000 
          RX bytes:50588302699 (47.1 GiB)  TX bytes:97318807157 (90.6 GiB)

lo        Link encap:Local Loopback  
          inet addr:127.0.0.1  Mask:255.0.0.0
          inet6 addr: ::1/128 Scope:Host
          UP LOOPBACK RUNNING  MTU:16436  Metric:1
          RX packets:308297 errors:0 dropped:0 overruns:0 frame:0
          TX packets:308297 errors:0 dropped:0 overruns:0 carrier:0
          collisions:0 txqueuelen:0 
          RX bytes:355278106 (338.8 MiB)  TX bytes:355278106 (338.8 MiB)
[4hAWSWeb:/# unmae[1D[1P[1D[1P[1D[1Pame -u
[4lLinux
[4hAWSWeb:/# [Kuname -u[1D[1Pa
[4lLinux AWSWeb 2.6.24-2-generic #1 SMP Thu Dec 20 17:36:12 GMT 2007 i686 GNU/Linux
[4hAWSWeb:/# service httpd
bash: service: command not found
AWSWeb:/# [Kservice httpd[13D[Kuname -a[8D[Kservice httpd status
bash: service: command not found
AWSWeb:/# yum isntall httpd
bash: yum: command not found
AWSWeb:/# apt-get
[4lE: Could not open lock file /var/lib/apt/lists/lock - open (13: Permission denied)
E: Unable to lock the list directory
[4hAWSWeb:/# [Kapt-get install[15Dsudo [15C httpd
bash: sudo: command not found
AWSWeb:/# apt-get install sudo
[4lReading package lists... Done
Building dependency tree
Reading state information... Done
The following NEW packages will be installed:
  sudo 
0 upgraded, 1 newly installed, 0 to remove and 259 not upgraded.
Need to get 803.2kB of archives.
After this operation, 1766.6kB of additional disk space will be used.
Get:1 http://ftp.debian.org stable/main sudo 1.24-9 [803.2kB]
Fetched 803.2kB in 1s (4493B/s)
Reading package fields... Done
Reading package status... Done
(Reading database ... 177887 files and directories currently installed.)
Unpacking sudo (from .../archives/sudo_1.24-9_i386.deb) ...
Processing triggers for man-db ...
Setting up sudo (1.24-9) ...
[4hAWSWeb:/# sudo
[4lsudo: Segmentation fault
[4hAWSWeb:/# [Ksudo apt-get install httpd
[4lsudo: Segmentation fault
[4hAWSWeb:/# quit
bash: quit: command not found
AWSWeb:/# exit
[4lcConnection to server closed.
[4hlocalhost:~# logout
[4lcConnection to server closed.
[4hlocalhost:~# exit
[4lcConnection to server closed.
[4hlocalhost:~# f[1D[1Pdf
bash: df: command not found
localhost:~# reboot
[4l
Broadcast message from root@localhost (pts/0) (Mon May 13 19:00:37 2013):

The system is going down for reboot NOW!
Connection to server closed.
[4hlocalhost:~# ifconfig
[4leth0      Link encap:Ethernet  HWaddr 00:4c:a8:ab:32:f4  
          inet addr:10.98.55.4  Bcast:10.98.55.255  Mask:255.255.255.0
          inet6 addr: fe80::21f:c6ac:fd44:24d7/64 Scope:Link
          UP BROADCAST RUNNING MULTICAST  MTU:1500  Metric:1
          RX packets:84045991 errors:0 dropped:0 overruns:0 frame:0
          TX packets:103776307 errors:0 dropped:0 overruns:0 carrier:2
          collisions:0 txqueuelen:1000 
          RX bytes:50588302699 (47.1 GiB)  TX bytes:97318807157 (90.6 GiB)

lo        Link encap:Local Loopback  
          inet addr:127.0.0.1  Mask:255.0.0.0
          inet6 addr: ::1/128 Scope:Host
          UP LOOPBACK RUNNING  MTU:16436  Metric:1
          RX packets:308297 errors:0 dropped:0 overruns:0 frame:0
          TX packets:308297 errors:0 dropped:0 overruns:0 carrier:0
          collisions:0 txqueuelen:0 
          RX bytes:355278106 (338.8 MiB)  TX bytes:355278106 (338.8 MiB)
[4hlocalhost:~# re[1D[1P[1D[1Ps[1D[1Pshutdown 0-[1D[1P[1D[1P-h now
[4l
Broadcast message from root@localhost (pts/0) (Mon May 13 19:00:57 2013):

The system is going down for maintenance NOW!
Connection to server closed.
[4hlocalhost:~# ifconfig
[4leth0      Link encap:Ethernet  HWaddr 00:4c:a8:ab:32:f4  
          inet addr:10.98.55.4  Bcast:10.98.55.255  Mask:255.255.255.0
          inet6 addr: fe80::21f:c6ac:fd44:24d7/64 Scope:Link
          UP BROADCAST RUNNING MULTICAST  MTU:1500  Metric:1
          RX packets:84045991 errors:0 dropped:0 overruns:0 frame:0
          TX packets:103776307 errors:0 dropped:0 overruns:0 carrier:2
          collisions:0 txqueuelen:1000 
          RX bytes:50588302699 (47.1 GiB)  TX bytes:97318807157 (90.6 GiB)

lo        Link encap:Local Loopback  
          inet addr:127.0.0.1  Mask:255.0.0.0
          inet6 addr: ::1/128 Scope:Host
          UP LOOPBACK RUNNING  MTU:16436  Metric:1
          RX packets:308297 errors:0 dropped:0 overruns:0 frame:0
          TX packets:308297 errors:0 dropped:0 overruns:0 carrier:0
          collisions:0 txqueuelen:0 
          RX bytes:355278106 (338.8 MiB)  TX bytes:355278106 (338.8 MiB)
[4hlocalhost:~# 