[4hAWSWeb:~# id
[4luid=0(root) gid=0(root) groups=0(root)
[4hAWSWeb:~# pwd
[4l/root
[4hAWSWeb:~# df -h
bash: df: command not found
AWSWeb:~# df
bash: df: command not found
AWSWeb:~# uname -a
[4lLinux AWSWeb 2.6.24-2-generic #1 SMP Thu Dec 20 17:36:12 GMT 2007 i686 GNU/Linux
[4hAWSWeb:~# [Kdf[1D[1P[1D[1Pdu
bash: du: command not found
AWSWeb:~# ps aux
[4lUSER       PID %%CPU %%MEM    VSZ   RSS TTY      STAT START   TIME COMMAND
root         1  0.0  0.1   2100   688 ?        Ss   Apr04   0:07 init [2]  
root         2  0.0  0.0      0     0 ?        S<   Apr04   0:00 [kthreadd]
root         3  0.0  0.0      0     0 ?        S<   Apr04   0:00 [migration/0]
root         4  0.0  0.0      0     0 ?        S<   Apr04   0:00 [ksoftirqd/0]
root         5  0.0  0.0      0     0 ?        S<   Apr04   0:00 [watchdog/0]
root         6  0.0  0.0      0     0 ?        S<   Apr04   0:17 [events/0]
root         7  0.0  0.0      0     0 ?        S<   Apr04   0:00 [khelper]
root        39  0.0  0.0      0     0 ?        S<   Apr04   0:00 [kblockd/0]
root        41  0.0  0.0      0     0 ?        S<   Apr04   0:00 [kacpid]
root        42  0.0  0.0      0     0 ?        S<   Apr04   0:00 [kacpi_notify]
root       170  0.0  0.0      0     0 ?        S<   Apr04   0:00 [kseriod]
root       207  0.0  0.0      0     0 ?        S    Apr04   0:01 [pdflush]
root       208  0.0  0.0      0     0 ?        S    Apr04   0:00 [pdflush]
root       209  0.0  0.0      0     0 ?        S<   Apr04   0:00 [kswapd0]
root       210  0.0  0.0      0     0 ?        S<   Apr04   0:00 [aio/0]
root       748  0.0  0.0      0     0 ?        S<   Apr04   0:00 [ata/0]
root       749  0.0  0.0      0     0 ?        S<   Apr04   0:00 [ata_aux]
root       929  0.0  0.0      0     0 ?        S<   Apr04   0:00 [scsi_eh_0]
root      1015  0.0  0.0      0     0 ?        D<   Apr04   0:03 [kjournald]
root      1093  0.0  0.1   2267   767 ?        S<s  Apr04   0:00 udevd --daemon
root      1554  0.0  0.0      0     0 ?        S<   Apr04   0:00 [kpsmoused]
root      2063  0.0  0.2  29321  1547 ?        Sl   Apr04   0:01 /usr/sbin/rsyslogd -c3
root      2104  0.0  0.2   2269  1236 tty1     Ss   Apr04   0:00 /bin/login --     
root      2106  0.0  0.0   1674   498 tty2     Ss+  Apr04   0:00 /sbin/getty 38400 tty2
root      2107  0.0  0.0   1674   498 tty3     Ss+  Apr04   0:00 /sbin/getty 38400 tty3
root      2108  0.0  0.0   1674   498 tty4     Ss+  Apr04   0:00 /sbin/getty 38400 tty4
root      2109  0.0  0.0   1674   498 tty5     Ss+  Apr04   0:00 /sbin/getty 38400 tty5
root      2110  0.0  0.0   1674   498 tty6     Ss+  Apr04   0:00 /sbin/getty 38400 tty6
root      2169  0.0  0.1   2816   649 ?        S<s  Apr04   0:00 dhclient3 -pf /var/run/dhclient.eth0.pid -lf /var/lib/dhcp3/dhclien
root      4973  0.0  0.1   5145  1017 ?        Ss   Apr06   0:00 /usr/sbin/sshd
root      5437  0.0  0.2   2293  1539 pts/0    Ss   09:45   0:00 -bash
root      5530  0.0  0.1   2341   937 pts/0    R+   09:45   0:00 ps aux
[4hAWSWeb:~# who
[4l 09:47:42 up 84 days, 11:51,  1 users, load averages: 0.09 0.05 0.05
USER     TTY      FROM              LOGIN@   IDLE   JCPU   PCPU WHAT
root     pts/2    96.47.226.21      09:45    0.09   0.05   0.05 w
[4hAWSWeb:~# cat /et[1D[1P[1D[1P[1D[1P[1D[1P[1D[1P[1D[1P[1D[1Pcat /etc/deb[1D[1P[1D[1P[1D[1P[1D[1P[1D[1P[1D[1P[1D[1P[1D[1P[1D[1P[1D[1P[1D[1P[1D[1P
debian_version debconf.conf   
AWSWeb:~# cat /etc/deb[1D[1P[1D[1P[1D[1P[1D[1P[1D[1P[1D[1P[1D[1P[1D[1P[1D[1P[1D[1P[1D[1P[1D[1P
debian_version debconf.conf   
AWSWeb:~# cat /etc/debi[1D[1P[1D[1P[1D[1P[1D[1P[1D[1P[1D[1P[1D[1P[1D[1P[1D[1P[1D[1P[1D[1P[1D[1P[1D[1Pcat /etc/debian_version 
[4lcat: /etc/debian_version: No such file or directory
[4hAWSWeb:~# ls /et[1D[1P[1D[1P[1D[1P[1D[1P[1D[1P[1D[1Pls /etc/
[4lservices               magic.mime             network                python2.5              adjtime                mailcap                shadow-                modules                debian_version         
ld.so.conf.d           passwd                 localtime              hosts                  rc4.d                  rcS.d                  logrotate.d            securetty              mtab                   
mime.types             sysctl.d               environment            inputrc                initramfs-tools        modprobe.d             debconf.conf           security               vim                    
ssh                    resolv.conf            skel                   gshadow-               dpkg                   udev                   scsi_id.config         rc6.d                  ld.so.cache            
rc5.d                  apt                    networks               opt                    group                  inittab                issue                  default                issue.net              
mailcap.order          dhcp3                  pam.conf               hosts.deny             rc.local               python                 nsswitch.conf          rsyslog.conf           wgetrc                 
motd.tail              mke2fs.conf            rc1.d                  sysctl.conf            rmt                    ld.so.conf             group-                 rc3.d                  adduser.conf           
init.d                 hosts.allow            gshadow                cron.daily             alternatives           hostname               bash.bashrc            rc0.d                  pam.d                  
gai.conf               timezone               deluser.conf           lsb-base               passwd-                rpc                    magic                  kernel-img.conf        motd                   
shadow                 protocols              bash_completion.d      host.conf              rc2.d                  profile                X11                    bindresvport.blacklist rsyslog.d              
fstab                  login.defs             shells                 terminfo               
[4hAWSWeb:~# ls -l /et[1D[1P[1D[1P[1D[1P[1D[1P[1D[1P[1D[1P[1D[1P[1D[1P[1D[1Pls -l /etc/
[4ldrwxr-xr-x 1 root root  4096 2013-04-19 09:48 .
drwxr-xr-x 1 root root  4096 2013-04-19 09:48 ..
-rw-r--r-- 1 root root 18480 2009-11-06 11:09 services
-rw-r--r-- 1 root root   111 2009-11-08 15:45 magic.mime
drwxr-xr-x 1 root root  4096 2009-11-06 11:10 network
drwxr-xr-x 1 root root  4096 2009-11-08 15:45 python2.5
-rw-r--r-- 1 root root    45 2009-11-20 08:19 adjtime
-rw-r--r-- 1 root root  1724 2009-11-08 15:45 mailcap
-rw------- 1 root root   625 2009-11-08 15:47 shadow-
-rw-r--r-- 1 root root   253 2009-11-06 11:10 modules
-rw-r--r-- 1 root root     6 2009-11-06 11:15 debian_version
drwxr-xr-x 1 root root  4096 2009-11-06 11:09 ld.so.conf.d
-rw-r--r-- 1 root root   866 2009-11-08 15:47 passwd
-rw-r--r-- 1 root root  3519 2009-11-06 11:15 localtime
-rw-r--r-- 1 root root   261 2009-11-06 11:10 hosts
drwxr-xr-x 1 root root  4096 2009-11-08 15:47 rc4.d
drwxr-xr-x 1 root root  4096 2009-11-08 15:35 rcS.d
drwxr-xr-x 1 root root  4096 2009-11-08 15:32 logrotate.d
-rw-r--r-- 1 root root  1287 2009-11-06 11:08 securetty
-rw-r--r-- 1 root root   311 2009-11-20 08:19 mtab
-rw-r--r-- 1 root root 21373 2009-11-08 15:45 mime.types
drwxr-xr-x 1 root root  4096 2009-11-06 11:08 sysctl.d
-rw------- 1 root root     0 2009-11-06 11:09 .pwd.lock
-rw-r--r-- 1 root root     0 2009-11-06 11:09 environment
-rw-r--r-- 1 root root  1723 2009-11-06 11:10 inputrc
drwxr-xr-x 1 root root  4096 2009-11-06 11:10 initramfs-tools
drwxr-xr-x 1 root root  4096 2009-11-06 11:16 modprobe.d
-rw-r--r-- 1 root root  2969 2009-11-06 11:08 debconf.conf
drwxr-xr-x 1 root root  4096 2009-11-06 11:15 security
drwxr-xr-x 1 root root  4096 2009-11-06 11:10 vim
drwxr-xr-x 1 root root  4096 2009-11-08 15:47 ssh
-rw-r--r-- 1 root root    64 2009-11-20 08:20 resolv.conf
drwxr-xr-x 1 root root  4096 2009-11-06 11:09 skel
-rw------- 1 root root   452 2009-11-08 15:46 gshadow-
drwxr-xr-x 1 root root  4096 2009-11-06 11:09 dpkg
drwxr-xr-x 1 root root  4096 2009-11-06 11:16 udev
-rw-r--r-- 1 root root   666 2009-11-06 11:10 scsi_id.config
drwxr-xr-x 1 root root  4096 2009-11-06 11:10 rc6.d
-rw-r--r-- 1 root root  8416 2009-11-08 15:46 ld.so.cache
drwxr-xr-x 1 root root  4096 2009-11-08 15:47 rc5.d
drwxr-xr-x 1 root root  4096 2009-11-06 11:22 apt
-rw-r--r-- 1 root root    60 2009-11-06 11:09 networks
drwxr-xr-x 1 root root  4096 2009-11-06 11:09 opt
-rw-r--r-- 1 root root   545 2009-11-08 15:46 group
-rw-r--r-- 1 root root  2008 2009-11-06 11:09 inittab
-rw-r--r-- 1 root root    28 2009-11-06 11:08 issue
drwxr-xr-x 1 root root  4096 2009-11-08 15:46 default
-rw-r--r-- 1 root root    21 2009-11-06 11:08 issue.net
-rw-r--r-- 1 root root   449 2009-11-08 15:45 mailcap.order
drwxr-xr-x 1 root root  4096 2009-11-06 11:16 dhcp3
-rw-r--r-- 1 root root   552 2009-11-06 11:08 pam.conf
-rw-r--r-- 1 root root   878 2009-11-06 11:10 hosts.deny
-rwxr-xr-x 1 root root   306 2009-11-06 11:09 rc.local
drwxr-xr-x 1 root root  4096 2009-11-08 15:45 python
-rw-r--r-- 1 root root   475 2009-11-06 11:09 nsswitch.conf
-rw-r--r-- 1 root root  2565 2009-11-06 11:10 rsyslog.conf
-rw-r--r-- 1 root root  4221 2009-11-06 11:10 wgetrc
-rw-r--r-- 1 root root   286 2009-11-06 11:09 motd.tail
-rw-r--r-- 1 root root   803 2009-11-06 11:08 mke2fs.conf
drwxr-xr-x 1 root root  4096 2009-11-08 15:47 rc1.d
-rw-r--r-- 1 root root  2275 2009-11-06 11:08 sysctl.conf
-rwxr-xr-x 1 root root   268 2009-11-06 11:08 rmt
-rw-r--r-- 1 root root    34 2009-11-06 11:09 ld.so.conf
-rw------- 1 root root   534 2009-11-08 15:46 group-
drwxr-xr-x 1 root root  4096 2009-11-08 15:47 rc3.d
-rw-r--r-- 1 root root  2986 2009-11-08 15:46 adduser.conf
drwxr-xr-x 1 root root  4096 2009-11-08 15:46 init.d
-rw-r--r-- 1 root root   579 2009-11-06 11:10 hosts.allow
-rw-r----- 1 root 42   460 2009-11-08 15:46 gshadow
drwxr-xr-x 1 root root  4096 2009-11-08 15:33 cron.daily
drwxr-xr-x 1 root root  4096 2009-11-08 15:46 alternatives
-rw-r--r-- 1 root root     6 2009-11-06 11:10 hostname
-rw-r--r-- 1 root root  1453 2009-11-06 11:08 bash.bashrc
drwxr-xr-x 1 root root  4096 2009-11-06 11:10 rc0.d
drwxr-xr-x 1 root root  4096 2009-11-08 15:46 pam.d
-rw-r--r-- 1 root root  2689 2009-11-06 11:08 gai.conf
-rw-r--r-- 1 root root    17 2009-11-06 11:15 timezone
-rw-r--r-- 1 root root   600 2009-11-08 15:46 deluser.conf
drwxr-xr-x 1 root root  4096 2009-11-06 11:08 lsb-base
-rw------- 1 root root   866 2009-11-08 15:47 passwd-
-rw-r--r-- 1 root root   887 2009-11-06 11:09 rpc
-rw-r--r-- 1 root root   111 2009-11-08 15:45 magic
-rw-r--r-- 1 root root   240 2009-11-06 11:22 kernel-img.conf
lrwxrwxrwx 1 root root    13 2009-11-06 11:09 motd -> /var/run/motd
-rw-r----- 1 root 42   625 2009-11-08 15:47 shadow
-rw-r--r-- 1 root root  2626 2009-11-06 11:09 protocols
drwxr-xr-x 1 root root  4096 2009-11-08 15:44 bash_completion.d
-rw-r--r-- 1 root root     9 2009-11-06 11:08 host.conf
drwxr-xr-x 1 root root  4096 2009-11-08 15:47 rc2.d
-rw-r--r-- 1 root root   475 2009-11-06 11:09 profile
drwxr-xr-x 1 root root  4096 2009-11-08 15:46 X11
-rw-r--r-- 1 root root   332 2009-11-06 11:08 bindresvport.blacklist
drwxr-xr-x 1 root root  4096 2009-11-06 11:09 rsyslog.d
-rw-r--r-- 1 root root   455 2009-11-06 11:10 fstab
-rw-r--r-- 1 root root 10879 2009-11-06 11:08 login.defs
-rw-r--r-- 1 root root   155 2009-11-06 11:09 shells
drwxr-xr-x 1 root root  4096 2009-11-06 11:09 terminfo
[4hAWSWeb:~# cat /et[1D[1P[1D[1P[1D[1P[1D[1P[1D[1P[1D[1P[1D[1Pcat /etc/p[1D[1Psh[1D[1P[1D[1P[1D[1P[1D[1P[1D[1P[1D[1P[1D[1P[1D[1P[1D[1P[1D[1P[1D[1P
shadow- shadow  shells  
AWSWeb:~# cat /etc/sha[1D[1P[1D[1P[1D[1P[1D[1P[1D[1P[1D[1P[1D[1P[1D[1P[1D[1P[1D[1P[1D[1P[1D[1Pcat /etc/shadow
[4lcat: /etc/shadow: No such file or directory
[4hAWSWeb:~# [4lcConnection to server closed.
[4hlocalhost:~# [Kcat /etc/shadow[15D[Kls -l /etc/[11D[Kcat /etc/shadow[15D[K[K[K[K[K[K[K[4lcConnection to server closed.
[4hlocalhost:~# exit
[4lcConnection to server closed.
[4hlocalhost:~# exit
[4lcConnection to server closed.
[4hlocalhost:~# ps aux
[4lUSER       PID %%CPU %%MEM    VSZ   RSS TTY      STAT START   TIME COMMAND
root         1  0.0  0.1   2100   688 ?        Ss   Apr04   0:07 init [2]  
root         2  0.0  0.0      0     0 ?        S<   Apr04   0:00 [kthreadd]
root         3  0.0  0.0      0     0 ?        S<   Apr04   0:00 [migration/0]
root         4  0.0  0.0      0     0 ?        S<   Apr04   0:00 [ksoftirqd/0]
root         5  0.0  0.0      0     0 ?        S<   Apr04   0:00 [watchdog/0]
root         6  0.0  0.0      0     0 ?        S<   Apr04   0:17 [events/0]
root         7  0.0  0.0      0     0 ?        S<   Apr04   0:00 [khelper]
root        39  0.0  0.0      0     0 ?        S<   Apr04   0:00 [kblockd/0]
root        41  0.0  0.0      0     0 ?        S<   Apr04   0:00 [kacpid]
root        42  0.0  0.0      0     0 ?        S<   Apr04   0:00 [kacpi_notify]
root       170  0.0  0.0      0     0 ?        S<   Apr04   0:00 [kseriod]
root       207  0.0  0.0      0     0 ?        S    Apr04   0:01 [pdflush]
root       208  0.0  0.0      0     0 ?        S    Apr04   0:00 [pdflush]
root       209  0.0  0.0      0     0 ?        S<   Apr04   0:00 [kswapd0]
root       210  0.0  0.0      0     0 ?        S<   Apr04   0:00 [aio/0]
root       748  0.0  0.0      0     0 ?        S<   Apr04   0:00 [ata/0]
root       749  0.0  0.0      0     0 ?        S<   Apr04   0:00 [ata_aux]
root       929  0.0  0.0      0     0 ?        S<   Apr04   0:00 [scsi_eh_0]
root      1015  0.0  0.0      0     0 ?        D<   Apr04   0:03 [kjournald]
root      1093  0.0  0.1   2267   767 ?        S<s  Apr04   0:00 udevd --daemon
root      1554  0.0  0.0      0     0 ?        S<   Apr04   0:00 [kpsmoused]
root      2063  0.0  0.2  29321  1547 ?        Sl   Apr04   0:01 /usr/sbin/rsyslogd -c3
root      2104  0.0  0.2   2269  1236 tty1     Ss   Apr04   0:00 /bin/login --     
root      2106  0.0  0.0   1674   498 tty2     Ss+  Apr04   0:00 /sbin/getty 38400 tty2
root      2107  0.0  0.0   1674   498 tty3     Ss+  Apr04   0:00 /sbin/getty 38400 tty3
root      2108  0.0  0.0   1674   498 tty4     Ss+  Apr04   0:00 /sbin/getty 38400 tty4
root      2109  0.0  0.0   1674   498 tty5     Ss+  Apr04   0:00 /sbin/getty 38400 tty5
root      2110  0.0  0.0   1674   498 tty6     Ss+  Apr04   0:00 /sbin/getty 38400 tty6
root      2169  0.0  0.1   2816   649 ?        S<s  Apr04   0:00 dhclient3 -pf /var/run/dhclient.eth0.pid -lf /var/lib/dhcp3/dhclien
root      4973  0.0  0.1   5145  1017 ?        Ss   Apr06   0:00 /usr/sbin/sshd
root      5437  0.0  0.2   2293  1539 pts/0    Ss   09:45   0:00 -bash
root      5530  0.0  0.1   2341   937 pts/0    R+   09:45   0:00 ps aux
[4hlocalhost:~# kill -9[1D[1P[1D[1P[1D[1P[1D[1P[1D[1P[1D[1P[1D[1P[4lcConnection to server closed.
[4hlocalhost:~# [4lcConnection to server closed.
[4hlocalhost:~# [4lcConnection to server closed.
[4hlocalhost:~# [4lcConnection to server closed.
[4hlocalhost:~# [4lcConnection to server closed.
[4hlocalhost:~# ps aux
[4lUSER       PID %%CPU %%MEM    VSZ   RSS TTY      STAT START   TIME COMMAND
root         1  0.0  0.1   2100   688 ?        Ss   Apr04   0:07 init [2]  
root         2  0.0  0.0      0     0 ?        S<   Apr04   0:00 [kthreadd]
root         3  0.0  0.0      0     0 ?        S<   Apr04   0:00 [migration/0]
root         4  0.0  0.0      0     0 ?        S<   Apr04   0:00 [ksoftirqd/0]
root         5  0.0  0.0      0     0 ?        S<   Apr04   0:00 [watchdog/0]
root         6  0.0  0.0      0     0 ?        S<   Apr04   0:17 [events/0]
root         7  0.0  0.0      0     0 ?        S<   Apr04   0:00 [khelper]
root        39  0.0  0.0      0     0 ?        S<   Apr04   0:00 [kblockd/0]
root        41  0.0  0.0      0     0 ?        S<   Apr04   0:00 [kacpid]
root        42  0.0  0.0      0     0 ?        S<   Apr04   0:00 [kacpi_notify]
root       170  0.0  0.0      0     0 ?        S<   Apr04   0:00 [kseriod]
root       207  0.0  0.0      0     0 ?        S    Apr04   0:01 [pdflush]
root       208  0.0  0.0      0     0 ?        S    Apr04   0:00 [pdflush]
root       209  0.0  0.0      0     0 ?        S<   Apr04   0:00 [kswapd0]
root       210  0.0  0.0      0     0 ?        S<   Apr04   0:00 [aio/0]
root       748  0.0  0.0      0     0 ?        S<   Apr04   0:00 [ata/0]
root       749  0.0  0.0      0     0 ?        S<   Apr04   0:00 [ata_aux]
root       929  0.0  0.0      0     0 ?        S<   Apr04   0:00 [scsi_eh_0]
root      1015  0.0  0.0      0     0 ?        D<   Apr04   0:03 [kjournald]
root      1093  0.0  0.1   2267   767 ?        S<s  Apr04   0:00 udevd --daemon
root      1554  0.0  0.0      0     0 ?        S<   Apr04   0:00 [kpsmoused]
root      2063  0.0  0.2  29321  1547 ?        Sl   Apr04   0:01 /usr/sbin/rsyslogd -c3
root      2104  0.0  0.2   2269  1236 tty1     Ss   Apr04   0:00 /bin/login --     
root      2106  0.0  0.0   1674   498 tty2     Ss+  Apr04   0:00 /sbin/getty 38400 tty2
root      2107  0.0  0.0   1674   498 tty3     Ss+  Apr04   0:00 /sbin/getty 38400 tty3
root      2108  0.0  0.0   1674   498 tty4     Ss+  Apr04   0:00 /sbin/getty 38400 tty4
root      2109  0.0  0.0   1674   498 tty5     Ss+  Apr04   0:00 /sbin/getty 38400 tty5
root      2110  0.0  0.0   1674   498 tty6     Ss+  Apr04   0:00 /sbin/getty 38400 tty6
root      2169  0.0  0.1   2816   649 ?        S<s  Apr04   0:00 dhclient3 -pf /var/run/dhclient.eth0.pid -lf /var/lib/dhcp3/dhclien
root      4973  0.0  0.1   5145  1017 ?        Ss   Apr06   0:00 /usr/sbin/sshd
root      5437  0.0  0.2   2293  1539 pts/0    Ss   09:45   0:00 -bash
root      5530  0.0  0.1   2341   937 pts/0    R+   09:45   0:00 ps aux
[4hlocalhost:~# 