[4hAWSWeb:~# id
[4luid=0(root) gid=0(root) groups=0(root)
[4hAWSWeb:~# ls
[4l[4hAWSWeb:~# uname -a
[4lLinux AWSWeb 2.6.24-2-generic #1 SMP Thu Dec 20 17:36:12 GMT 2007 i686 GNU/Linux
[4hAWSWeb:~# df -h
bash: df: command not found
AWSWeb:~# ls
[4l[4hAWSWeb:~# ps auxwwww
[4lUSER       PID %%CPU %%MEM    VSZ   RSS TTY      STAT START   TIME COMMAND
root         1  0.0  0.1   2100   688 ?        Ss   Mar28   0:07 init [2]  
root         2  0.0  0.0      0     0 ?        S<   Mar28   0:00 [kthreadd]
root         3  0.0  0.0      0     0 ?        S<   Mar28   0:00 [migration/0]
root         4  0.0  0.0      0     0 ?        S<   Mar28   0:00 [ksoftirqd/0]
root         5  0.0  0.0      0     0 ?        S<   Mar28   0:00 [watchdog/0]
root         6  0.0  0.0      0     0 ?        S<   Mar28   0:17 [events/0]
root         7  0.0  0.0      0     0 ?        S<   Mar28   0:00 [khelper]
root        39  0.0  0.0      0     0 ?        S<   Mar28   0:00 [kblockd/0]
root        41  0.0  0.0      0     0 ?        S<   Mar28   0:00 [kacpid]
root        42  0.0  0.0      0     0 ?        S<   Mar28   0:00 [kacpi_notify]
root       170  0.0  0.0      0     0 ?        S<   Mar28   0:00 [kseriod]
root       207  0.0  0.0      0     0 ?        S    Mar28   0:01 [pdflush]
root       208  0.0  0.0      0     0 ?        S    Mar28   0:00 [pdflush]
root       209  0.0  0.0      0     0 ?        S<   Mar28   0:00 [kswapd0]
root       210  0.0  0.0      0     0 ?        S<   Mar28   0:00 [aio/0]
root       748  0.0  0.0      0     0 ?        S<   Mar28   0:00 [ata/0]
root       749  0.0  0.0      0     0 ?        S<   Mar28   0:00 [ata_aux]
root       929  0.0  0.0      0     0 ?        S<   Mar28   0:00 [scsi_eh_0]
root      1015  0.0  0.0      0     0 ?        D<   Mar28   0:03 [kjournald]
root      1093  0.0  0.1   2267   767 ?        S<s  Mar28   0:00 udevd --daemon
root      1554  0.0  0.0      0     0 ?        S<   Mar28   0:00 [kpsmoused]
root      2063  0.0  0.2  29321  1547 ?        Sl   Mar28   0:01 /usr/sbin/rsyslogd -c3
root      2104  0.0  0.2   2269  1236 tty1     Ss   Mar28   0:00 /bin/login --     
root      2106  0.0  0.0   1674   498 tty2     Ss+  Mar28   0:00 /sbin/getty 38400 tty2
root      2107  0.0  0.0   1674   498 tty3     Ss+  Mar28   0:00 /sbin/getty 38400 tty3
root      2108  0.0  0.0   1674   498 tty4     Ss+  Mar28   0:00 /sbin/getty 38400 tty4
root      2109  0.0  0.0   1674   498 tty5     Ss+  Mar28   0:00 /sbin/getty 38400 tty5
root      2110  0.0  0.0   1674   498 tty6     Ss+  Mar28   0:00 /sbin/getty 38400 tty6
root      2169  0.0  0.1   2816   649 ?        S<s  Mar28   0:00 dhclient3 -pf /var/run/dhclient.eth0.pid -lf /var/lib/dhcp3/dhclien
root      4973  0.0  0.1   5145  1017 ?        Ss   Mar30   0:00 /usr/sbin/sshd
root      5437  0.0  0.2   2293  1539 pts/0    Ss   02:03   0:00 -bash
root      5549  0.0  0.1   2341   937 pts/0    R+   02:03   0:00 ps auxwwww
[4hAWSWeb:~# cd /tmp
[4l[4hAWSWeb:/tmp# ls
[4l[4hAWSWeb:/tmp# ls -lia
[4ldrwxr-xr-x 1 root root 4096 2013-04-12 02:04 .
drwxr-xr-x 1 root root 4096 2013-04-12 02:04 ..
drwxrwxrwx 1 root root 4096 2009-11-20 08:19 .ICE-unix
drwxrwxrwx 1 root root 4096 2009-11-20 08:19 .X11-unix
[4hAWSWeb:/tmp# ls
[4l[4hAWSWeb:/tmp# arp
bash: arp: command not found
AWSWeb:/tmp# arp
bash: arp: command not found
AWSWeb:/tmp# 