[4hAWSWeb:~# uname -a
[4lLinux AWSWeb 2.6.24-2-generic #1 SMP Thu Dec 20 17:36:12 GMT 2007 i686 GNU/Linux
[4hAWSWeb:~# uname [1D[1P[1D[1P[1D[1P[1D[1P[1D[1P[1D[1Pls a
[4lls: cannot access /root/a: No such file or directory
[4hAWSWeb:~# uname a[1D[1P-a
[4lLinux AWSWeb 2.6.24-2-generic #1 SMP Thu Dec 20 17:36:12 GMT 2007 i686 GNU/Linux
[4hAWSWeb:~# ps z[1D[1Px
[4l  PID TTY          TIME CMD
 5478 pts/0    00:00:00 bash
 5679 pts/0    00:00:00 ps x
[4hAWSWeb:~# ps -aux
[4lUSER       PID %%CPU %%MEM    VSZ   RSS TTY      STAT START   TIME COMMAND
root         1  0.0  0.1   2100   688 ?        Ss   Apr30   0:07 init [2]  
root         2  0.0  0.0      0     0 ?        S<   Apr30   0:00 [kthreadd]
root         3  0.0  0.0      0     0 ?        S<   Apr30   0:00 [migration/0]
root         4  0.0  0.0      0     0 ?        S<   Apr30   0:00 [ksoftirqd/0]
root         5  0.0  0.0      0     0 ?        S<   Apr30   0:00 [watchdog/0]
root         6  0.0  0.0      0     0 ?        S<   Apr30   0:17 [events/0]
root         7  0.0  0.0      0     0 ?        S<   Apr30   0:00 [khelper]
root        39  0.0  0.0      0     0 ?        S<   Apr30   0:00 [kblockd/0]
root        41  0.0  0.0      0     0 ?        S<   Apr30   0:00 [kacpid]
root        42  0.0  0.0      0     0 ?        S<   Apr30   0:00 [kacpi_notify]
root       170  0.0  0.0      0     0 ?        S<   Apr30   0:00 [kseriod]
root       207  0.0  0.0      0     0 ?        S    Apr30   0:01 [pdflush]
root       208  0.0  0.0      0     0 ?        S    Apr30   0:00 [pdflush]
root       209  0.0  0.0      0     0 ?        S<   Apr30   0:00 [kswapd0]
root       210  0.0  0.0      0     0 ?        S<   Apr30   0:00 [aio/0]
root       748  0.0  0.0      0     0 ?        S<   Apr30   0:00 [ata/0]
root       749  0.0  0.0      0     0 ?        S<   Apr30   0:00 [ata_aux]
root       929  0.0  0.0      0     0 ?        S<   Apr30   0:00 [scsi_eh_0]
root      1015  0.0  0.0      0     0 ?        D<   Apr30   0:03 [kjournald]
root      1093  0.0  0.1   2267   767 ?        S<s  Apr30   0:00 udevd --daemon
root      1554  0.0  0.0      0     0 ?        S<   Apr30   0:00 [kpsmoused]
root      2063  0.0  0.2  29321  1547 ?        Sl   Apr30   0:01 /usr/sbin/rsyslogd -c3
root      2104  0.0  0.2   2269  1236 tty1     Ss   Apr30   0:00 /bin/login --     
root      2106  0.0  0.0   1674   498 tty2     Ss+  Apr30   0:00 /sbin/getty 38400 tty2
root      2107  0.0  0.0   1674   498 tty3     Ss+  Apr30   0:00 /sbin/getty 38400 tty3
root      2108  0.0  0.0   1674   498 tty4     Ss+  Apr30   0:00 /sbin/getty 38400 tty4
root      2109  0.0  0.0   1674   498 tty5     Ss+  Apr30   0:00 /sbin/getty 38400 tty5
root      2110  0.0  0.0   1674   498 tty6     Ss+  Apr30   0:00 /sbin/getty 38400 tty6
root      2169  0.0  0.1   2816   649 ?        S<s  Apr30   0:00 dhclient3 -pf /var/run/dhclient.eth0.pid -lf /var/lib/dhcp3/dhclien
root      4973  0.0  0.1   5145  1017 ?        Ss   May02   0:00 /usr/sbin/sshd
root      5437  0.0  0.2   2293  1539 pts/0    Ss   13:46   0:00 -bash
root      5545  0.0  0.1   2341   937 pts/0    R+   13:46   0:00 ps -aux
[4hAWSWeb:~# 