[4hAWSWeb:~# ps -aux
[4lUSER       PID %%CPU %%MEM    VSZ   RSS TTY      STAT START   TIME COMMAND
root         1  0.0  0.1   2100   688 ?        Ss   Feb03   0:07 init [2]  
root         2  0.0  0.0      0     0 ?        S<   Feb03   0:00 [kthreadd]
root         3  0.0  0.0      0     0 ?        S<   Feb03   0:00 [migration/0]
root         4  0.0  0.0      0     0 ?        S<   Feb03   0:00 [ksoftirqd/0]
root         5  0.0  0.0      0     0 ?        S<   Feb03   0:00 [watchdog/0]
root         6  0.0  0.0      0     0 ?        S<   Feb03   0:17 [events/0]
root         7  0.0  0.0      0     0 ?        S<   Feb03   0:00 [khelper]
root        39  0.0  0.0      0     0 ?        S<   Feb03   0:00 [kblockd/0]
root        41  0.0  0.0      0     0 ?        S<   Feb03   0:00 [kacpid]
root        42  0.0  0.0      0     0 ?        S<   Feb03   0:00 [kacpi_notify]
root       170  0.0  0.0      0     0 ?        S<   Feb03   0:00 [kseriod]
root       207  0.0  0.0      0     0 ?        S    Feb03   0:01 [pdflush]
root       208  0.0  0.0      0     0 ?        S    Feb03   0:00 [pdflush]
root       209  0.0  0.0      0     0 ?        S<   Feb03   0:00 [kswapd0]
root       210  0.0  0.0      0     0 ?        S<   Feb03   0:00 [aio/0]
root       748  0.0  0.0      0     0 ?        S<   Feb03   0:00 [ata/0]
root       749  0.0  0.0      0     0 ?        S<   Feb03   0:00 [ata_aux]
root       929  0.0  0.0      0     0 ?        S<   Feb03   0:00 [scsi_eh_0]
root      1015  0.0  0.0      0     0 ?        D<   Feb03   0:03 [kjournald]
root      1093  0.0  0.1   2267   767 ?        S<s  Feb03   0:00 udevd --daemon
root      1554  0.0  0.0      0     0 ?        S<   Feb03   0:00 [kpsmoused]
root      2063  0.0  0.2  29321  1547 ?        Sl   Feb03   0:01 /usr/sbin/rsyslogd -c3
root      2104  0.0  0.2   2269  1236 tty1     Ss   Feb03   0:00 /bin/login --     
root      2106  0.0  0.0   1674   498 tty2     Ss+  Feb03   0:00 /sbin/getty 38400 tty2
root      2107  0.0  0.0   1674   498 tty3     Ss+  Feb03   0:00 /sbin/getty 38400 tty3
root      2108  0.0  0.0   1674   498 tty4     Ss+  Feb03   0:00 /sbin/getty 38400 tty4
root      2109  0.0  0.0   1674   498 tty5     Ss+  Feb03   0:00 /sbin/getty 38400 tty5
root      2110  0.0  0.0   1674   498 tty6     Ss+  Feb03   0:00 /sbin/getty 38400 tty6
root      2169  0.0  0.1   2816   649 ?        S<s  Feb03   0:00 dhclient3 -pf /var/run/dhclient.eth0.pid -lf /var/lib/dhcp3/dhclien
root      4973  0.0  0.1   5145  1017 ?        Ss   Feb05   0:00 /usr/sbin/sshd
root      5437  0.0  0.2   2293  1539 pts/0    Ss   01:26   0:00 -bash
root      5508  0.0  0.1   2341   937 pts/0    R+   01:26   0:00 ps -aux
[4hAWSWeb:~# his
bash: his: command not found
AWSWeb:~# id
[4luid=0(root) gid=0(root) groups=0(root)
[4hAWSWeb:~# cat /etc/iss[1D[1P[1D[1P[1D[1P[1D[1P[1D[1P[1D[1P[1D[1P[1D[1P[1D[1P[1D[1P[1D[1P[1D[1Pcat /etc/issue[1D[1P[1D[1P[1D[1P[1D[1P[1D[1P[1D[1P[1D[1P[1D[1P[1D[1P[1D[1P[1D[1P[1D[1P[1D[1P[1D[1P
issue     issue.net 
AWSWeb:~# cat /etc/issue[1D[1P[1D[1P[1D[1P[1D[1P[1D[1P[1D[1P[1D[1P[1D[1P[1D[1P[1D[1P[1D[1P[1D[1P[1D[1P[1D[1P
issue     issue.net 
AWSWeb:~# cat /etc/issue.[1D[1P[1D[1P[1D[1P[1D[1P[1D[1P[1D[1P[1D[1P[1D[1P[1D[1P[1D[1P[1D[1P[1D[1P[1D[1P[1D[1P[1D[1Pcat /etc/issue.net 
[4lcat: /etc/issue.net: No such file or directory
[4hAWSWeb:~# cat
[4l[4hAWSWeb:~# [Kcat[3D[Kcat /etc/issue.net [1D[1P[1D[1P
[4lcat: /etc/issue.ne: No such file or directory
[4hAWSWeb:~# [Kcat /etc/issue.ne[1D[1P[1D[1P[1D[1P[1D[1P[1D[1P[1D[1P[1D[1P[1D[1P[1D[1P[1D[1P[1D[1P[1D[1P[1D[1P[1D[1P[1D[1P[1D[1P[1D[1Pcat /etc/issue.net [1D[1P[1D[1P[1D[1P[1D[1P[1D[1P[1D[1P[1D[1P[1D[1P[1D[1P[1D[1P[1D[1P[1D[1P[1D[1P[1D[1P[1D[1P[1D[1P[1D[1P[1D[1P[1D[1P
.debtags  .viminfo  .aptitude .profile  .bashrc   
AWSWeb:~# cat /etc/issue.net [1D[1P[1D[1P[1D[1P[1D[1P[1D[1P[1D[1P[1D[1P[1D[1P[1D[1P[1D[1P[1D[1P[1D[1P[1D[1P[1D[1P[1D[1P[1D[1P[1D[1P[1D[1P[1D[1P
.debtags  .viminfo  .aptitude .profile  .bashrc   
AWSWeb:~# cat /etc/issue.net [1D[1P[1D[1P[1D[1P[1D[1P[1D[1P[1D[1P[1D[1P[1D[1P[1D[1P[1D[1P[1D[1P[1D[1P[1D[1P[1D[1P[1D[1P[1D[1P[1D[1P[1D[1P[1D[1P
.debtags  .viminfo  .aptitude .profile  .bashrc   
AWSWeb:~# cat /etc/issue.net [1D[1P[1D[1P[1D[1P[1D[1P[1D[1P[1D[1P[1D[1P[1D[1P[1D[1P[1D[1P[1D[1P[1D[1P[1D[1P[1D[1P[1D[1P[1D[1P[1D[1P[1D[1P[1D[1P
.debtags  .viminfo  .aptitude .profile  .bashrc   
AWSWeb:~# cat /etc/issue.net [1D[1P[1D[1P[1D[1P[1D[1P[1D[1P[1D[1P[1D[1P[1D[1P[1D[1P[1D[1P[1D[1P[1D[1P[1D[1P[1D[1P[1D[1P[1D[1P[1D[1P[1D[1P[1D[1P
.debtags  .viminfo  .aptitude .profile  .bashrc   
AWSWeb:~# cat /etc/issue.net [1D[1Pt[1D[1P[1D[1P[1D[1P[1D[1P[1D[1P[1D[1P[1D[1P[1D[1P[1D[1P[1D[1P[1D[1P[1D[1P[1D[1P[1D[1P[1D[1P[1D[1P[1D[1P[1D[1P[1D[1Pcat /etc/issue.net [1D[1P[1D[1P[1D[1P[1D[1P[1D[1P[1D[1P[1D[1P[1D[1P[1D[1P[1D[1P[1D[1P[1D[1P[1D[1P[1D[1P[1D[1P[1D[1P[1D[1P[1D[1P[1D[1P
.debtags  .viminfo  .aptitude .profile  .bashrc   
AWSWeb:~# cat /etc/issue.net 
[4lcat: /etc/issue.net: No such file or directory
[4hAWSWeb:~# cd /etc
[4l[4hAWSWeb:/etc# ls
[4lservices               magic.mime             network                python2.5              adjtime                mailcap                
shadow-                modules                debian_version         ld.so.conf.d           passwd                 localtime              
hosts                  rc4.d                  rcS.d                  logrotate.d            securetty              mtab                   
mime.types             sysctl.d               environment            inputrc                initramfs-tools        modprobe.d             
debconf.conf           security               vim                    ssh                    resolv.conf            skel                   
gshadow-               dpkg                   udev                   scsi_id.config         rc6.d                  ld.so.cache            
rc5.d                  apt                    networks               opt                    group                  inittab                
issue                  default                issue.net              mailcap.order          dhcp3                  pam.conf               
hosts.deny             rc.local               python                 nsswitch.conf          rsyslog.conf           wgetrc                 
motd.tail              mke2fs.conf            rc1.d                  sysctl.conf            rmt                    ld.so.conf             
group-                 rc3.d                  adduser.conf           init.d                 hosts.allow            gshadow                
cron.daily             alternatives           hostname               bash.bashrc            rc0.d                  pam.d                  
gai.conf               timezone               deluser.conf           lsb-base               passwd-                rpc                    
magic                  kernel-img.conf        motd                   shadow                 protocols              bash_completion.d      
host.conf              rc2.d                  profile                X11                    bindresvport.blacklist rsyslog.d              
fstab                  login.defs             shells                 terminfo               
[4hAWSWeb:/etc# ls
[4lservices               magic.mime             network                python2.5              adjtime                mailcap                
shadow-                modules                debian_version         ld.so.conf.d           passwd                 localtime              
hosts                  rc4.d                  rcS.d                  logrotate.d            securetty              mtab                   
mime.types             sysctl.d               environment            inputrc                initramfs-tools        modprobe.d             
debconf.conf           security               vim                    ssh                    resolv.conf            skel                   
gshadow-               dpkg                   udev                   scsi_id.config         rc6.d                  ld.so.cache            
rc5.d                  apt                    networks               opt                    group                  inittab                
issue                  default                issue.net              mailcap.order          dhcp3                  pam.conf               
hosts.deny             rc.local               python                 nsswitch.conf          rsyslog.conf           wgetrc                 
motd.tail              mke2fs.conf            rc1.d                  sysctl.conf            rmt                    ld.so.conf             
group-                 rc3.d                  adduser.conf           init.d                 hosts.allow            gshadow                
cron.daily             alternatives           hostname               bash.bashrc            rc0.d                  pam.d                  
gai.conf               timezone               deluser.conf           lsb-base               passwd-                rpc                    
magic                  kernel-img.conf        motd                   shadow                 protocols              bash_completion.d      
host.conf              rc2.d                  profile                X11                    bindresvport.blacklist rsyslog.d              
fstab                  login.defs             shells                 terminfo               
[4hAWSWeb:/etc# cat hosts
[4lcat: /etc/hosts: No such file or directory
[4hAWSWeb:/etc# 
AWSWeb:/etc# 
AWSWeb:/etc# 
AWSWeb:/etc# 
AWSWeb:/etc# 
AWSWeb:/etc# 
AWSWeb:/etc# 
AWSWeb:/etc# 
AWSWeb:/etc# 
AWSWeb:/etc# 
AWSWeb:/etc# 
AWSWeb:/etc# 
AWSWeb:/etc# 
AWSWeb:/etc# 
AWSWeb:/etc# 
AWSWeb:/etc# 
AWSWeb:/etc# 
AWSWeb:/etc# 
AWSWeb:/etc# 
AWSWeb:/etc# 
AWSWeb:/etc# clear
[4lc[4hAWSWeb:/etc# clR
bash: clR: command not found
AWSWeb:/etc# 
AWSWeb:/etc# 
AWSWeb:/etc# 
AWSWeb:/etc# 
AWSWeb:/etc# 
AWSWeb:/etc# 
AWSWeb:/etc# 
AWSWeb:/etc# reset
bash: reset: command not found
AWSWeb:/etc# 