[4hAWSWeb:~# ls
[4l[4hAWSWeb:~# dir
bash: dir: command not found
AWSWeb:~# echo ls
[4lls
[4hAWSWeb:~# ifconfig
[4leth0      Link encap:Ethernet  HWaddr 00:4c:a8:ab:32:f4  
          inet addr:10.98.55.4  Bcast:10.98.55.255  Mask:255.255.255.0
          inet6 addr: fe80::21f:c6ac:fd44:24d7/64 Scope:Link
          UP BROADCAST RUNNING MULTICAST  MTU:1500  Metric:1
          RX packets:84045991 errors:0 dropped:0 overruns:0 frame:0
          TX packets:103776307 errors:0 dropped:0 overruns:0 carrier:2
          collisions:0 txqueuelen:1000 
          RX bytes:50588302699 (47.1 GiB)  TX bytes:97318807157 (90.6 GiB)

lo        Link encap:Local Loopback  
          inet addr:127.0.0.1  Mask:255.0.0.0
          inet6 addr: ::1/128 Scope:Host
          UP LOOPBACK RUNNING  MTU:16436  Metric:1
          RX packets:308297 errors:0 dropped:0 overruns:0 frame:0
          TX packets:308297 errors:0 dropped:0 overruns:0 carrier:0
          collisions:0 txqueuelen:0 
          RX bytes:355278106 (338.8 MiB)  TX bytes:355278106 (338.8 MiB)
[4hAWSWeb:~# uname -a
[4lLinux AWSWeb 2.6.24-2-generic #1 SMP Thu Dec 20 17:36:12 GMT 2007 i686 GNU/Linux
[4hAWSWeb:~# cat /proc/cpuinfo
[4lprocessor	: 0
vendor_id	: GenuineIntel
cpu family	: 6
model		: 23
model name	: Intel(R) Core(TM)2 Duo CPU     E8200  @ 2.66GHz
stepping	: 6
cpu MHz		: 2133.305
cache size	: 6144 KB
physical id	: 0
siblings	: 2
core id		: 0
cpu cores	: 2
apicid		: 0
initial apicid	: 0
fpu		: yes
fpu_exception	: yes
cpuid level	: 10
wp		: yes
flags		: fpu vme de pse tsc msr pae mce cx8 apic sep mtrr pge mca cmov pat pse36 clflush dts acpi mmx fxsr sse sse2 ss ht tm pbe syscall nx lm constant_tsc arch_perfmon pebs bts rep_good pni monitor ds_cpl vmx smx est tm2 ssse3 cx16 xtpr sse4_1 lahf_lm
bogomips	: 4270.03
clflush size	: 64
cache_alignment	: 64
address sizes	: 36 bits physical, 48 bits virtual
power management:

processor	: 1
vendor_id	: GenuineIntel
cpu family	: 6
model		: 23
model name	: Intel(R) Core(TM)2 Duo CPU     E8200  @ 2.66GHz
stepping	: 6
cpu MHz		: 2133.305
cache size	: 6144 KB
physical id	: 0
siblings	: 2
core id		: 1
cpu cores	: 2
apicid		: 1
initial apicid	: 1
fpu		: yes
fpu_exception	: yes
cpuid level	: 10
wp		: yes
flags		: fpu vme de pse tsc msr pae mce cx8 apic sep mtrr pge mca cmov pat pse36 clflush dts acpi mmx fxsr sse sse2 ss ht tm pbe syscall nx lm constant_tsc arch_perfmon pebs bts rep_good pni monitor ds_cpl vmx smx est tm2 ssse3 cx16 xtpr sse4_1 lahf_lm
bogomips	: 4266.61
clflush size	: 64
cache_alignment	: 64
address sizes	: 36 bits physical, 48 bits virtual
power management:

[4hAWSWeb:~# cat /proc/meminfo
[4lcat: /proc/meminfo: No such file or directory
[4hAWSWeb:~# cd /
[4l[4hAWSWeb:/# ls
[4lsys        bin        mnt        media      vmlinuz    opt        cdrom      selinux    tmp        proc       sbin       etc        dev        srv        initrd.img lib        home       
var        usr        boot       root       lost+found 
[4hAWSWeb:/# cd [1D[1P[1D[1P[1D[1Pcd user[1D[1P[1D[1Pr
[4l[4hAWSWeb:/usr# ls
[4lbin     src     include X11R6   sbin    local   lib     share   games   
[4hAWSWeb:/usr# wget aws.amazon.com
[4l--2013-02-18 03:28:34--  http://aws.amazon.com
Connecting to aws.amazon.com:80... connected.
HTTP request sent, awaiting response... 200 OK
Length: unspecified [text/html; charset=UTF-8]
Saving to: `index.html

 2K [>                                      ] 2,386        85K/s  eta 0s100%[======================================>] 0            85K/s

2013-02-18 03:28:34 (85 KB/s) - `index.html' saved [65041/0]
[4hAWSWeb:/usr# ls
[4lbin        src        include    X11R6      sbin       local      lib        share      games      index.html 
[4hAWSWeb:/usr# rm -rf index.html
[4l[4hAWSWeb:/usr# ls
[4lbin     src     include X11R6   sbin    local   lib     share   games   
[4hAWSWeb:/usr# cd /
[4l[4hAWSWeb:/# find /var/log -type f -delete
bash: find: command not found
AWSWeb:/# rm -rf /var/log/
[4l[4hAWSWeb:/# exit
[4lcConnection to server closed.
[4hlocalhost:~# 