[4hAWSWeb:~# wget http://root-arhive.at.ua/psybnc/psybnc-linux.jpg
[4l--2013-05-18 09:16:13--  http://root-arhive.at.ua/psybnc/psybnc-linux.jpg
Connecting to root-arhive.at.ua:80... connected.
HTTP request sent, awaiting response... 200 OK
Length: 579167 (565K) [image/jpeg]
Saving to: `psybnc-linux.jpg

 1% [>                                      ] 10,136       34K/s  eta 16s21% [========>                              ] 121,632      133K/s  eta 3s51% [====================>                  ] 299,736      210K/s  eta 1s98% [======================================>] 571,960      296K/s  eta 0s100%[======================================>] 579,167      296K/s

2013-05-18 09:16:14 (296 KB/s) - `psybnc-linux.jpg' saved [579167/579167]
[4hAWSWeb:~# tar zxvf psybnc-linux.jpg ; rm -rf psybnc-linux ; cd psybnc 
[4lpsybnc
psybnc/makefile.out
psybnc/motd
psybnc/motd/INFO
psybnc/CHANGES
psybnc/menuconf
psybnc/menuconf/inputbox.c
psybnc/menuconf/menuconf.c
psybnc/menuconf/textbox.c
psybnc/menuconf/colors.h
psybnc/menuconf/inifunc.c
psybnc/menuconf/util.c
psybnc/menuconf/checklist.c
psybnc/menuconf/dialog.h
psybnc/menuconf/menubox.c
psybnc/menuconf/help
psybnc/menuconf/help/h601.txt
psybnc/menuconf/help/h106.txt
psybnc/menuconf/help/h707.txt
psybnc/menuconf/help/h712.txt
psybnc/menuconf/help/h218.txt
psybnc/menuconf/help/h214.txt
psybnc/menuconf/help/h714.txt
psybnc/menuconf/help/h210.txt
psybnc/menuconf/help/h216.txt
psybnc/menuconf/help/h201.txt
psybnc/menuconf/help/h711.txt
psybnc/menuconf/help/h306.txt
psybnc/menuconf/help/h204.txt
psybnc/menuconf/help/h302.txt
psybnc/menuconf/help/h705.txt
psybnc/menuconf/help/h217.txt
psybnc/menuconf/help/h503.txt
psybnc/menuconf/help/h301.txt
psybnc/menuconf/help/h221.txt
psybnc/menuconf/help/h105.txt
psybnc/menuconf/help/h215.txt
psybnc/menuconf/help/h706.txt
psybnc/menuconf/help/h305.txt
psybnc/menuconf/help/h702.txt
psybnc/menuconf/help/h710.txt
psybnc/menuconf/help/h304.txt
psybnc/menuconf/help/h703.txt
psybnc/menuconf/help/h212.txt
psybnc/menuconf/help/h213.txt
psybnc/menuconf/help/h505.txt
psybnc/menuconf/help/h203.txt
psybnc/menuconf/help/h701.txt
psybnc/menuconf/help/h206.txt
psybnc/menuconf/help/h713.txt
psybnc/menuconf/help/h209.txt
psybnc/menuconf/help/h303.txt
psybnc/menuconf/help/h502.txt
psybnc/menuconf/help/h104.txt
psybnc/menuconf/help/h219.txt
psybnc/menuconf/help/h708.txt
psybnc/menuconf/help/h716.txt
psybnc/menuconf/help/h202.txt
psybnc/menuconf/help/h102.txt
psybnc/menuconf/help/h211.txt
psybnc/menuconf/help/h205.txt
psybnc/menuconf/help/h208.txt
psybnc/menuconf/help/h107.txt
psybnc/menuconf/help/h704.txt
psybnc/menuconf/help/h501.txt
psybnc/menuconf/help/h715.txt
psybnc/menuconf/help/h709.txt
psybnc/menuconf/help/h504.txt
psybnc/menuconf/help/h220.txt
psybnc/menuconf/help/h101.txt
psybnc/menuconf/help/h207.txt
psybnc/menuconf/help/h103.txt
psybnc/lang
psybnc/lang/english.lng
psybnc/lang/italiano.lng
psybnc/lang/INFO
psybnc/lang/german.lng
psybnc/psybnc.c
psybnc/COPYING
psybnc/psybncchk
psybnc/psybnc.conf
psybnc/config.h
psybnc/targets.mak
psybnc/Makefile
psybnc/SCRIPTING
psybnc/TODO
psybnc/FAQ
psybnc/src
psybnc/src/p_translate.o
psybnc/src/p_socket.o
psybnc/src/p_blowfish.o
psybnc/src/p_crypt.o
psybnc/src/p_log.o
psybnc/src/p_peer.o
psybnc/src/p_client.c
psybnc/src/p_log.c
psybnc/src/psybnc.c
psybnc/src/p_dcc.o
psybnc/src/p_version.h
psybnc/src/p_userfile.c
psybnc/src/p_translate.c
psybnc/src/p_network.c
psybnc/src/snprintf.o
psybnc/src/p_peer.c
psybnc/src/p_client.o
psybnc/src/p_intnet.o
psybnc/src/p_coredns.c
psybnc/src/p_parse.c
psybnc/src/p_data.h
psybnc/src/p_coredns.o
psybnc/src/p_sysmsg.o
psybnc/src/p_topology.o
psybnc/src/ssl.cnf
psybnc/src/p_topology.c
psybnc/src/p_inifunc.o
psybnc/src/p_network.o
psybnc/src/match.o
psybnc/src/p_dcc.c
psybnc/src/p_userfile.o
psybnc/src/p_uchannel.c
psybnc/src/p_link.o
psybnc/src/match.c
psybnc/src/p_script.c
psybnc/src/p_server.o
psybnc/src/snprintf.c
psybnc/src/p_memory.o
psybnc/src/psybnc.o
psybnc/src/p_blowfish.c
psybnc/src/p_inifunc.c
psybnc/src/p_crypt.c
psybnc/src/p_link.c
psybnc/src/p_idea.o
psybnc/src/p_script.o
psybnc/src/p_hash.o
psybnc/src/p_sysmsg.c
psybnc/src/p_server.c
psybnc/src/p_global.h
psybnc/src/bsd-setenv.c
psybnc/src/p_uchannel.o
psybnc/src/p_socket.c
psybnc/src/p_parse.o
psybnc/src/p_hash.c
psybnc/src/p_string.o
psybnc/src/p_idea.c
psybnc/src/p_intnet.c
psybnc/src/p_memory.c
psybnc/src/p_string.c
psybnc/bash
psybnc/log
psybnc/log/INFO
psybnc/scripts
psybnc/scripts/example
psybnc/scripts/example/DEFAULT.SCRIPT
psybnc/scripts/INFO
psybnc/makesalt
psybnc/tools
psybnc/tools/autoconf.c
psybnc/tools/chkbind.c
psybnc/tools/chkipv6.c
psybnc/tools/autoconf
psybnc/tools/chkenv
psybnc/tools/chksock.c
psybnc/tools/convconf
psybnc/tools/convconf.c
psybnc/tools/.chk
psybnc/tools/chkssl.c
psybnc/tools/sys
psybnc/tools/chkresolv
psybnc/tools/chkenv.c
psybnc/tools/chkresolv.c
psybnc/tools/chksock
psybnc/tools/makesalt.c
psybnc/tools/chkipv6
psybnc/tools/chktime.c
psybnc/salt.h
psybnc/README
psybnc/go
psybnc/help
psybnc/help/RELINK.ITA
psybnc/help/BCONNECT.TXT
psybnc/help/LISTDCC.ITA
psybnc/help/DCCANSWER.ITA
psybnc/help/LEAVEQUIT.ITA
psybnc/help/DELDCC.TXT
psybnc/help/DELLOG.DEU
psybnc/help/DELIGNORE.TXT
psybnc/help/ADDSERVER.TXT
psybnc/help/PLAYPRIVATELOG.DEU
psybnc/help/LISTENCRYPT.TXT
psybnc/help/LISTASK.TXT
psybnc/help/BWHO.ITA
psybnc/help/ADDNETWORK.DEU
psybnc/help/ADDIGNORE.ITA
psybnc/help/DELIGNORE.DEU
psybnc/help/ADDAUTOOP.ITA
psybnc/help/DCCSENDME.TXT
psybnc/help/BVHOST.DEU
psybnc/help/DELBAN.ITA
psybnc/help/LEAVEQUIT.DEU
psybnc/help/DCCGET.DEU
psybnc/help/DCCGET.ITA
psybnc/help/SETLEAVEMSG.ITA
psybnc/help/DELDCC.ITA
psybnc/help/SETAWAY.TXT
psybnc/help/DELAUTOOP.DEU
psybnc/help/JUMP.TXT
psybnc/help/DELASK.DEU
psybnc/help/SETUSERNAME.DEU
psybnc/help/DELENCRYPT.ITA
psybnc/help/DELUSER.DEU
psybnc/help/DELNETWORK.ITA
psybnc/help/ADDLOG.TXT
psybnc/help/ERASEMAINLOG.ITA
psybnc/help/LINKFROM.DEU
psybnc/help/LINKFROM.TXT
psybnc/help/SETLANG.TXT
psybnc/help/DELLINK.TXT
psybnc/help/DCCANSWER.TXT
psybnc/help/DCCCANCEL.TXT
psybnc/help/SETAWAYNICK.DEU
psybnc/help/LISTAUTOOPS.DEU
psybnc/help/PLAYMAINLOG.ITA
psybnc/help/DELBAN.DEU
psybnc/help/DELSERVER.DEU
psybnc/help/LISTTASKS.TXT
psybnc/help/ADDNETWORK.ITA
psybnc/help/SETLANG.ITA
psybnc/help/AIDLE.TXT
psybnc/help/ADDAUTOOP.TXT
psybnc/help/ADDIGNORE.DEU
psybnc/help/ERASETRAFFICLOG.ITA
psybnc/help/DELLINK.DEU
psybnc/help/PLAYPRIVATELOG.ITA
psybnc/help/LISTALLOW.TXT
psybnc/help/LINKTO.TXT
psybnc/help/DELTRANSLATE.TXT
psybnc/help/RELAYLINK.DEU
psybnc/help/ADDOP.ITA
psybnc/help/DCCANSWER.DEU
psybnc/help/SRELOAD.TXT
psybnc/help/DCCCHAT.TXT
psybnc/help/PLAYMAINLOG.TXT
psybnc/help/PROXY.DEU
psybnc/help/UNADMIN.DEU
psybnc/help/BQUIT.DEU
psybnc/help/BHELP.TXT
psybnc/help/ADDLOG.DEU
psybnc/help/SETAWAY.ITA
psybnc/help/PLAYTRAFFICLOG.ITA
psybnc/help/AUTOGETDCC.DEU
psybnc/help/ADDSERVER.DEU
psybnc/help/DELBAN.TXT
psybnc/help/DCCCANCEL.ITA
psybnc/help/BREHASH.DEU
psybnc/help/BREHASH.ITA
psybnc/help/BQUIT.TXT
psybnc/help/ENCRYPT.ITA
psybnc/help/LINKTO.ITA
psybnc/help/SETUSERNAME.TXT
psybnc/help/DELOP.TXT
psybnc/help/LISTSERVERS.ITA
psybnc/help/SETAWAY.DEU
psybnc/help/SETAWAYNICK.TXT
psybnc/help/LISTTASKS.ITA
psybnc/help/LISTLOGS.DEU
psybnc/help/ADDBAN.TXT
psybnc/help/ADDASK.TXT
psybnc/help/LISTASK.ITA
psybnc/help/PASSWORD.TXT
psybnc/help/AIDLE.ITA
psybnc/help/LISTAUTOOPS.ITA
psybnc/help/ERASETRAFFICLOG.TXT
psybnc/help/DELTRANSLATE.DEU
psybnc/help/ADDDCC.TXT
psybnc/help/LISTENCRYPT.ITA
psybnc/help/BVHOST.TXT
psybnc/help/ADDALLOW.DEU
psybnc/help/LISTBANS.ITA
psybnc/help/AUTOREJOIN.DEU
psybnc/help/MADMIN.ITA
psybnc/help/RELINK.DEU
psybnc/help/LISTBANS.TXT
psybnc/help/LISTIGNORES.TXT
psybnc/help/ADDOP.TXT
psybnc/help/LISTDCC.TXT
psybnc/help/DELLOG.ITA
psybnc/help/SWITCHNET.TXT
psybnc/help/ADDLOG.ITA
psybnc/help/PROXY.ITA
psybnc/help/TRANSLATE.ITA
psybnc/help/LISTIGNORES.DEU
psybnc/help/AUTOGETDCC.ITA
psybnc/help/DELOP.ITA
psybnc/help/JUMP.DEU
psybnc/help/LISTOPS.TXT
psybnc/help/BCONNECT.DEU
psybnc/help/DELASK.TXT
psybnc/help/PASSWORD.DEU
psybnc/help/DELALLOW.TXT
psybnc/help/SETLEAVEMSG.DEU
psybnc/help/LISTALLOW.DEU
psybnc/help/LISTLINKS.DEU
psybnc/help/LISTLOGS.ITA
psybnc/help/BCONNECT.ITA
psybnc/help/LISTTASKS.DEU
psybnc/help/DELENCRYPT.TXT
psybnc/help/LISTSERVERS.TXT
psybnc/help/SOCKSTAT.DEU
psybnc/help/DELSERVER.TXT
psybnc/help/ADDBAN.DEU
psybnc/help/TRANSLATE.TXT
psybnc/help/ADDNETWORK.TXT
psybnc/help/LISTLINKS.ITA
psybnc/help/DELASK.ITA
psybnc/help/DELNETWORK.DEU
psybnc/help/ADDIGNORE.TXT
psybnc/help/ADDAUTOOP.DEU
psybnc/help/RELAYLINK.ITA
psybnc/help/DELNETWORK.TXT
psybnc/help/LINKFROM.ITA
psybnc/help/LISTASK.DEU
psybnc/help/RELAYLINK.TXT
psybnc/help/SETLEAVEMSG.TXT
psybnc/help/ADDASK.DEU
psybnc/help/DELLINK.ITA
psybnc/help/ADDALLOW.ITA
psybnc/help/JUMP.ITA
psybnc/help/DCCENABLE.DEU
psybnc/help/ERASEPRIVATELOG.ITA
psybnc/help/DELENCRYPT.DEU
psybnc/help/NAMEBOUNCER.TXT
psybnc/help/DELAUTOOP.TXT
psybnc/help/SETUSERNAME.ITA
psybnc/help/LISTBANS.DEU
psybnc/help/DELSERVER.ITA
psybnc/help/DCCSENDME.DEU
psybnc/help/DCCCANCEL.DEU
psybnc/help/DELOP.DEU
psybnc/help/RELINK.TXT
psybnc/help/AUTOREJOIN.ITA
psybnc/help/LINKTO.DEU
psybnc/help/ERASEMAINLOG.DEU
psybnc/help/SRELOAD.ITA
psybnc/help/LISTOPS.ITA
psybnc/help/DELALLOW.DEU
psybnc/help/UNADMIN.TXT
psybnc/help/BWHO.DEU
psybnc/help/SRELOAD.DEU
psybnc/help/DELDCC.DEU
psybnc/help/DCCENABLE.ITA
psybnc/help/MADMIN.DEU
psybnc/help/DELAUTOOP.ITA
psybnc/help/LISTAUTOOPS.TXT
psybnc/help/ERASETRAFFICLOG.DEU
psybnc/help/PLAYTRAFFICLOG.TXT
psybnc/help/ADDDCC.DEU
psybnc/help/AUTOREJOIN.TXT
psybnc/help/ERASEPRIVATELOG.DEU
psybnc/help/BWHO.TXT
psybnc/help/LISTOPS.DEU
psybnc/help/SOCKSTAT.ITA
psybnc/help/UNADMIN.ITA
psybnc/help/AUTOGETDCC.TXT
psybnc/help/NAMEBOUNCER.ITA
psybnc/help/AIDLE.DEU
psybnc/help/DCCGET.TXT
psybnc/help/ERASEMAINLOG.TXT
psybnc/help/NAMEBOUNCER.DEU
psybnc/help/BHELP.DEU
psybnc/help/ADDUSER.DEU
psybnc/help/ADDALLOW.TXT
psybnc/help/BVHOST.ITA
psybnc/help/DELUSER.TXT
psybnc/help/SOCKSTAT.TXT
psybnc/help/MADMIN.TXT
psybnc/help/ADDSERVER.ITA
psybnc/help/BQUIT.ITA
psybnc/help/LISTDCC.DEU
psybnc/help/DELTRANSLATE.ITA
psybnc/help/LISTIGNORES.ITA
psybnc/help/DCCSEND.TXT
psybnc/help/LISTALLOW.ITA
psybnc/help/PASSWORD.ITA
psybnc/help/LISTSERVERS.DEU
psybnc/help/DELLOG.TXT
psybnc/help/DCCSEND.DEU
psybnc/help/DCCCHAT.ITA
psybnc/help/ERASEPRIVATELOG.TXT
psybnc/help/BKILL.TXT
psybnc/help/SETLANG.DEU
psybnc/help/PLAYMAINLOG.DEU
psybnc/help/SWITCHNET.ITA
psybnc/help/ADDUSER.ITA
psybnc/help/ENCRYPT.DEU
psybnc/help/BKILL.ITA
psybnc/help/ADDDCC.ITA
psybnc/help/BHELP.ITA
psybnc/help/LEAVEQUIT.TXT
psybnc/help/BREHASH.TXT
psybnc/help/ADDUSER.TXT
psybnc/help/PLAYTRAFFICLOG.DEU
psybnc/help/ADDASK.ITA
psybnc/help/PROXY.TXT
psybnc/help/PLAYPRIVATELOG.TXT
psybnc/help/LISTLINKS.TXT
psybnc/help/DELALLOW.ITA
psybnc/help/ADDBAN.ITA
psybnc/help/DCCSENDME.ITA
psybnc/help/LISTENCRYPT.DEU
psybnc/help/SWITCHNET.DEU
psybnc/help/DELIGNORE.ITA
psybnc/help/ADDOP.DEU
psybnc/help/DCCENABLE.TXT
psybnc/help/ENCRYPT.TXT
psybnc/help/LISTLOGS.TXT
psybnc/help/SETAWAYNICK.ITA
psybnc/help/DCCCHAT.DEU
psybnc/help/TRANSLATE.DEU
psybnc/help/DCCSEND.ITA
psybnc/help/DELUSER.ITA
psybnc/help/BKILL.DEU
[4h[4l[4h[4l[4hAWSWeb:~/psybnc# chmod +x *
[4l[4hAWSWeb:~/psybnc# ./go
[4lShall we play a game? 