[4hAWSWeb:~# ls
[4l[4hAWSWeb:~# pwd
[4l/root
[4hAWSWeb:~# cd /
[4l[4hAWSWeb:/# ls
[4lsys        bin        mnt        media      vmlinuz    opt        cdrom      
selinux    tmp        proc       sbin       etc        dev        srv        
initrd.img lib        home       var        usr        boot       root       
lost+found 
[4hAWSWeb:/# cat /etc/passwd
[4lroot:x:0:0:root:/root:/bin/bash
daemon:x:1:1:daemon:/usr/sbin:/bin/sh
bin:x:2:2:bin:/bin:/bin/sh
sys:x:3:3:sys:/dev:/bin/sh
sync:x:4:65534:sync:/bin:/bin/sync
games:x:5:60:games:/usr/games:/bin/sh
man:x:6:12:man:/var/cache/man:/bin/sh
lp:x:7:7:lp:/var/spool/lpd:/bin/sh
mail:x:8:8:mail:/var/mail:/bin/sh
news:x:9:9:news:/var/spool/news:/bin/sh
uucp:x:10:10:uucp:/var/spool/uucp:/bin/sh
proxy:x:13:13:proxy:/bin:/bin/sh
www-data:x:33:33:www-data:/var/www:/bin/sh
backup:x:34:34:backup:/var/backups:/bin/sh
list:x:38:38:Mailing List Manager:/var/list:/bin/sh
irc:x:39:39:ircd:/var/run/ircd:/bin/sh
gnats:x:41:41:Gnats Bug-Reporting System (admin):/var/lib/gnats:/bin/sh
nobody:x:65534:65534:nobody:/nonexistent:/bin/sh
libuuid:x:100:101::/var/lib/libuuid:/bin/sh
richard:x:1000:1000:richard,,,:/home/richard:/bin/bash
sshd:x:101:65534::/var/run/sshd:/usr/sbin/nologin
[4hAWSWeb:/# cd /home
[4l[4hAWSWeb:/home# ls
[4lrichard 
[4hAWSWeb:/home# cd ri[1D[1P[1D[1P[1D[1P[1D[1P[1D[1Pcd richard/
[4l[4hAWSWeb:/home/richard# ls
[4l[4hAWSWeb:/home/richard# echo $SHELL
[4l$SHELL
[4hAWSWeb:/home/richard# lsof
bash: lsof: command not found
AWSWeb:/home/richard# cd /home[1D[1P[1D[1P[1D[1P[1D[1Popt
[4l[4hAWSWeb:/opt# ls
[4l[4hAWSWeb:/opt# cd /var
[4l[4hAWSWeb:/var# ls
[4lbackups run     mail    cache   log     opt     tmp     local   lib     lock    
spool   
[4hAWSWeb:/var# cd back[1D[1P[1D[1P[1D[1P[1D[1P[1D[1P[1D[1P[1D[1Pcd backups/
[4l[4hAWSWeb:/var/backups# ls
[4ldpkg.status.0        group.bak            gshadow.bak          
passwd.bak           infodir.bak          aptitude.pkgstates.0 
shadow.bak           
[4hAWSWeb:/var/backups# cat sha[1D[1P[1D[1P[1D[1P[1D[1P[1D[1P[1D[1P[1D[1Pcat shadow.bak 
[4lcat: /var/backups/shadow.bak: No such file or directory
[4hAWSWeb:/var/backups# [Kcat shadow.bak [1D[1P[1D[1P[1D[1P[1D[1P[1D[1P[1D[1P[1D[1P[1D[1P[1D[1P[1D[1P[1D[1Ppas[1D[1P[1D[1P[1D[1P[1D[1P[1D[1P[1D[1P[1D[1Pcat passwd.bak 
[4lcat: /var/backups/passwd.bak: No such file or directory
[4hAWSWeb:/var/backups# cd /log
[4lbash: cd: /log: No such file or directory
[4hAWSWeb:/var/backups# ls
[4ldpkg.status.0        group.bak            gshadow.bak          
passwd.bak           infodir.bak          aptitude.pkgstates.0 
shadow.bak           
[4hAWSWeb:/var/backups# cd /var/lo[1D[1P[1D[1P[1D[1P[1D[1P[1D[1P[1D[1P[1D[1P[1D[1P[1D[1P[1D[1P
log   local lock  
AWSWeb:/var/backups# cd /var/log
[4l[4hAWSWeb:/var/log# ls
[4lkern.log.1   btmp         syslog       syslog.1     mail.info    lastlog      
mail.err     news         dmesg        kern.log     daemon.log.1 fsck         
messages     apt          auth.log     wtmp         messages.1   daemon.log   
lpr.log      faillog      dmesg.1.gz   dpkg.log     debug        boot         
dmesg.0      debug.1      user.log     mail.warn    mail.log     auth.log.1   
[4hAWSWeb:/var/log# w
[4l 16:21:03 up 67 days, 18:24,  1 users, load averages: 0.09 0.05 0.05
USER     TTY      FROM              LOGIN@   IDLE   JCPU   PCPU WHAT
root     pts/2    64.15.135.142     16:18    0.09   0.05   0.05 w
[4hAWSWeb:/var/log# nano[1D[1P[1D[1P[1D[1P[1D[1Pcat wtm[1D[1P[1D[1P[1D[1P[1D[1P[1D[1P[1D[1P[1D[1Pcat wtmp 
[4lcat: /var/log/wtmp: No such file or directory
[4hAWSWeb:/var/log# ls -la
[4ldrwxr-xr-x 1 root root   4096 2013-04-02 16:21 .
drwxr-xr-x 1 root root   4096 2013-04-02 16:21 ..
-rw-r----- 1 root 4  51996 2009-11-08 11:25 kern.log.1
-rw-rw-r-- 1 root 43      0 2009-11-06 11:09 btmp
-rw-r----- 1 root 4  67178 2009-11-20 08:20 syslog
-rw-r----- 1 root 4  60005 2009-11-08 11:25 syslog.1
-rw-r----- 1 root 4      0 2009-11-06 12:44 mail.info
-rw-rw-r-- 1 root 43 292292 2009-11-20 09:07 lastlog
-rw-r----- 1 root 4      0 2009-11-06 12:44 mail.err
drwxr-xr-x 1 root root   4096 2009-11-06 12:44 news
-rw-r----- 1 root 4  34350 2009-11-20 08:19 dmesg
-rw-r----- 1 root 4  52524 2009-11-20 08:20 kern.log
-rw-r----- 1 root 4   2579 2009-11-08 11:25 daemon.log.1
drwxr-xr-x 1 root root   4096 2009-11-06 11:09 fsck
-rw-r----- 1 root 4  37897 2009-11-20 08:20 messages
drwxr-xr-x 1 root root   4096 2009-11-06 11:10 apt
-rw-r----- 1 root 4  10942 2009-11-20 09:07 auth.log
-rw-rw-r-- 1 root 43  29952 2009-11-20 09:07 wtmp
-rw-r----- 1 root 4  37303 2009-11-08 11:25 messages.1
-rw-r----- 1 root 4  13410 2009-11-20 08:19 daemon.log
-rw-r----- 1 root 4      0 2009-11-06 12:44 lpr.log
-rw-r--r-- 1 root root  24024 2009-11-08 15:47 faillog
-rw-r----- 1 root 4     59 2009-11-20 08:19 dmesg.1.gz
-rw-r----- 1 root 4 177814 2009-11-08 15:47 dpkg.log
-rw-r----- 1 root 4  14703 2009-11-20 08:20 debug
-rw-r----- 1 root 4     31 2009-11-06 11:09 boot
-rw-r----- 1 root 4  34350 2009-11-20 08:19 dmesg.0
-rw-r----- 1 root 4  14552 2009-11-08 11:25 debug.1
-rw-r----- 1 root 4     70 2009-11-20 08:19 user.log
-rw-r----- 1 root 4      0 2009-11-06 12:44 mail.warn
-rw-r----- 1 root 4      0 2009-11-06 12:44 mail.log
-rw-r----- 1 root 4   8978 2009-11-08 11:25 auth.log.1
[4hAWSWeb:/var/log# echo "" > wt[1D[1P[1D[1P[1D[1P[1D[1P[1D[1P[1D[1P[1D[1P[1D[1P[1D[1P[1D[1P[1D[1P[1D[1Pecho "" > wtmp 
[4l/ > /var/log/wtmp
[4hAWSWeb:/var/log# ls -la
[4ldrwxr-xr-x 1 root root   4096 2013-04-02 16:21 .
drwxr-xr-x 1 root root   4096 2013-04-02 16:21 ..
-rw-r----- 1 root 4  51996 2009-11-08 11:25 kern.log.1
-rw-rw-r-- 1 root 43      0 2009-11-06 11:09 btmp
-rw-r----- 1 root 4  67178 2009-11-20 08:20 syslog
-rw-r----- 1 root 4  60005 2009-11-08 11:25 syslog.1
-rw-r----- 1 root 4      0 2009-11-06 12:44 mail.info
-rw-rw-r-- 1 root 43 292292 2009-11-20 09:07 lastlog
-rw-r----- 1 root 4      0 2009-11-06 12:44 mail.err
drwxr-xr-x 1 root root   4096 2009-11-06 12:44 news
-rw-r----- 1 root 4  34350 2009-11-20 08:19 dmesg
-rw-r----- 1 root 4  52524 2009-11-20 08:20 kern.log
-rw-r----- 1 root 4   2579 2009-11-08 11:25 daemon.log.1
drwxr-xr-x 1 root root   4096 2009-11-06 11:09 fsck
-rw-r----- 1 root 4  37897 2009-11-20 08:20 messages
drwxr-xr-x 1 root root   4096 2009-11-06 11:10 apt
-rw-r----- 1 root 4  10942 2009-11-20 09:07 auth.log
-rw-rw-r-- 1 root 43  29952 2009-11-20 09:07 wtmp
-rw-r----- 1 root 4  37303 2009-11-08 11:25 messages.1
-rw-r----- 1 root 4  13410 2009-11-20 08:19 daemon.log
-rw-r----- 1 root 4      0 2009-11-06 12:44 lpr.log
-rw-r--r-- 1 root root  24024 2009-11-08 15:47 faillog
-rw-r----- 1 root 4     59 2009-11-20 08:19 dmesg.1.gz
-rw-r----- 1 root 4 177814 2009-11-08 15:47 dpkg.log
-rw-r----- 1 root 4  14703 2009-11-20 08:20 debug
-rw-r----- 1 root 4     31 2009-11-06 11:09 boot
-rw-r----- 1 root 4  34350 2009-11-20 08:19 dmesg.0
-rw-r----- 1 root 4  14552 2009-11-08 11:25 debug.1
-rw-r----- 1 root 4     70 2009-11-20 08:19 user.log
-rw-r----- 1 root 4      0 2009-11-06 12:44 mail.warn
-rw-r----- 1 root 4      0 2009-11-06 12:44 mail.log
-rw-r----- 1 root 4   8978 2009-11-08 11:25 auth.log.1
[4hAWSWeb:/var/log# [Kls -la[6D[Kecho "" > wtmp [1D[1P[1D[1P[1D[1P[1D[1P[1D[1P[1D[1P[1D[1P[1D[1P[1D[1P[1D[1P[1D[1P[1D[1P[1D[1P[1D[1P[1D[1Pchmo[1D[1P[1D[1P[1D[1P[1D[1Pls
[4lkern.log.1   btmp         syslog       syslog.1     mail.info    lastlog      
mail.err     news         dmesg        kern.log     daemon.log.1 fsck         
messages     apt          auth.log     wtmp         messages.1   daemon.log   
lpr.log      faillog      dmesg.1.gz   dpkg.log     debug        boot         
dmesg.0      debug.1      user.log     mail.warn    mail.log     auth.log.1   
[4hAWSWeb:/var/log# cat sy[1D[1P[1D[1P[1D[1P[1D[1P[1D[1P[1D[1Pcat syslog
[4lcat: /var/log/syslog: No such file or directory
[4hAWSWeb:/var/log# su[1D[1P[1D[1Ppasswd richard
[4lEnter new UNIX password: 
Retype new UNIX password: 
passwd: password updated successfully
[4hAWSWeb:/var/log# [4lcConnection to server closed.
[4hlocalhost:~# [4lcConnection to server closed.
[4hlocalhost:~# [4lcConnection to server closed.
[4hlocalhost:~# [4lcConnection to server closed.
[4hlocalhost:~# [4lcConnection to server closed.
[4hlocalhost:~# [4lcConnection to server closed.
[4hlocalhost:~# [4lcConnection to server closed.
[4hlocalhost:~# [4lcConnection to server closed.
[4hlocalhost:~# [4lcConnection to server closed.
[4hlocalhost:~# [4lcConnection to server closed.
[4hlocalhost:~# kil[1D[1P[1D[1P[1D[1Psig[1D[1P[1D[1P[1D[1Psn[1D[1Pe[1D[1P[1D[1Pa[1D[1Pq[1D[1Pp[1D[1Pp[1D[1Pse[1D[1Phell
bash: shell: command not found
localhost:~# sh
[4l[4hlocalhost:~# bash
[4l[4hlocalhost:~# ls
[4l[4hlocalhost:~# 
localhost:~# [4lcConnection to server closed.
[4hlocalhost:~# 
localhost:~# [4lcConnection to server closed.
[4hlocalhost:~# [4lcConnection to server closed.
[4hlocalhost:~# 
localhost:~# 
localhost:~# 
localhost:~# 
localhost:~# 
localhost:~# 