[4hAWSWeb:~# id
[4luid=0(root) gid=0(root) groups=0(root)
[4hAWSWeb:~# ls -l
[4ldrwxr-xr-x 1 root root 4096 2013-04-02 15:10 .
drwxr-xr-x 1 root root 4096 2013-04-02 15:10 ..
drwxr-xr-x 1 root root 4096 2009-11-06 11:16 .debtags
-rw------- 1 root root 5515 2009-11-20 09:08 .viminfo
drwx------ 1 root root 4096 2009-11-06 11:13 .aptitude
-rw-r--r-- 1 root root  140 2009-11-06 11:09 .profile
-rw-r--r-- 1 root root  412 2009-11-06 11:09 .bashrc
[4hAWSWeb:~# help
bash: help: command not found
AWSWeb:~# status
bash: status: command not found
AWSWeb:~# ifconfig
[4leth0      Link encap:Ethernet  HWaddr 00:4c:a8:ab:32:f4  
          inet addr:10.98.55.4  Bcast:10.98.55.255  Mask:255.255.255.0
          inet6 addr: fe80::21f:c6ac:fd44:24d7/64 Scope:Link
          UP BROADCAST RUNNING MULTICAST  MTU:1500  Metric:1
          RX packets:84045991 errors:0 dropped:0 overruns:0 frame:0
          TX packets:103776307 errors:0 dropped:0 overruns:0 carrier:2
          collisions:0 txqueuelen:1000 
          RX bytes:50588302699 (47.1 GiB)  TX bytes:97318807157 (90.6 GiB)

lo        Link encap:Local Loopback  
          inet addr:127.0.0.1  Mask:255.0.0.0
          inet6 addr: ::1/128 Scope:Host
          UP LOOPBACK RUNNING  MTU:16436  Metric:1
          RX packets:308297 errors:0 dropped:0 overruns:0 frame:0
          TX packets:308297 errors:0 dropped:0 overruns:0 carrier:0
          collisions:0 txqueuelen:0 
          RX bytes:355278106 (338.8 MiB)  TX bytes:355278106 (338.8 MiB)
[4hAWSWeb:~# mkdir hlds
[4l[4hAWSWeb:~# ls -l
[4ldrwxr-xr-x 1 root root 4096 2013-04-02 15:11 .
drwxr-xr-x 1 root root 4096 2013-04-02 15:11 ..
drwxr-xr-x 1 root root 4096 2009-11-06 11:16 .debtags
-rw------- 1 root root 5515 2009-11-20 09:08 .viminfo
drwx------ 1 root root 4096 2009-11-06 11:13 .aptitude
-rw-r--r-- 1 root root  140 2009-11-06 11:09 .profile
-rw-r--r-- 1 root root  412 2009-11-06 11:09 .bashrc
drwxr-xr-x 1 root root 4096 2013-04-02 15:11 hlds
[4hAWSWeb:~#  cd hlds/
[4l[4hAWSWeb:~/hlds# we[1D[1Pget http://www.steampowered.com/download/hldsupdatetool.bin
[4l--2013-04-02 15:12:18--  http://www.steampowered.com/download/hldsupdatetool.bin
Connecting to www.steampowered.com:80... connected.
HTTP request sent, awaiting response... 200 OK
Length: 3513408 (3M) [application/octet-stream]
Saving to: `hldsupdatetool.bin

 0% [>                                      ] 6,937        27K/s  eta 2m 5s 5% [==>                                    ] 200,969      259K/s  eta 12s 19% [=======>                               ] 680,257      519K/s  eta 5s 45% [=================>                     ] 1,606,977    873K/s  eta 2s83% [================================>      ] 2,918,865    1229K/s  eta 0s100%[======================================>] 3,513,408    1229K/s

2013-04-02 15:12:21 (1229 KB/s) - `hldsupdatetool.bin' saved [3513408/3513408]
[4hAWSWeb:~/hlds# chmod +x hldsupdatetool.bin
[4l[4hAWSWeb:~/hlds# ./hldsupdatetool.bin
bash: ./hldsupdatetool.bin: command not found
AWSWeb:~/hlds# ./hldsupdatetool.bin
bash: ./hldsupdatetool.bin: command not found
AWSWeb:~/hlds# 
AWSWeb:~/hlds# 
AWSWeb:~/hlds# stat [1D[1P[1D[1Prt ./hldsupdatetool.bin
bash: start: command not found
AWSWeb:~/hlds# ./hldsupdatetool.bin[1D[19D[Kstart ./hldsupdatetool.bin[1D[1D[1D[1D[1D[1D[1D[1D[1D[1D[1D[1D[1D[1D[1D[1D[1D[1D[1D[1D[1D[1D[1D[1D[1D[1D[1C[1C[1C[1C[1C[1C[1C[1C[1C[1C[1C[1C[1D[1D[1D[1D[1D[1P[1D[1P
bash: start: command not found
AWSWeb:~/hlds# 