[4hAWSWeb:~# ls a[1D[1P-al
[4ldrwxr-xr-x 1 root root 4096 2013-11-30 20:28 .
drwxr-xr-x 1 root root 4096 2013-11-30 20:28 ..
drwxr-xr-x 1 root root 4096 2009-11-06 11:16 .debtags
-rw------- 1 root root 5515 2009-11-20 09:08 .viminfo
drwx------ 1 root root 4096 2009-11-06 11:13 .aptitude
-rw-r--r-- 1 root root  140 2009-11-06 11:09 .profile
-rw-r--r-- 1 root root  412 2009-11-06 11:09 .bashrc
[4hAWSWeb:~# cd ..
[4l[4hAWSWeb:/# ls
[4lsys        bin        mnt        media      vmlinuz    opt        cdrom      selinux    tmp        proc       sbin       etc        dev        srv        initrd.img lib        home       var        
usr        boot       root       lost+found 
[4hAWSWeb:/# cd[1D[1P[1D[1Papt-get install gcc
[4lReading package lists... Done
Building dependency tree
Reading state information... Done
The following NEW packages will be installed:
  gcc 
0 upgraded, 1 newly installed, 0 to remove and 259 not upgraded.
Need to get 866.2kB of archives.
After this operation, 1905.2kB of additional disk space will be used.
Get:1 http://ftp.debian.org stable/main gcc 0.31-1 [866.2kB]
Fetched 866.2kB in 1s (4493B/s)
Reading package fields... Done
Reading package status... Done
(Reading database ... 177887 files and directories currently installed.)
Unpacking gcc (from .../archives/gcc_0.31-1_i386.deb) ...
Processing triggers for man-db ...
Setting up gcc (0.31-1) ...
[4hAWSWeb:/# gcc
[4lgcc: Segmentation fault
[4hAWSWeb:/#  /bin/sh -> /bin/dash 
[4l[4hAWSWeb:/# gcc -g
[4lgcc: Segmentation fault
[4hAWSWeb:/# gdb cc1
bash: gdb: command not found
AWSWeb:/# grep libGL /proc/$(pidof aquaria)/maps
bash: grep: command not found
AWSWeb:/# aptg[1D[1P-[1D[1P-get install gwerp[1D[1P[1D[1P[1D[1P[1D[1Prep
[4lReading package lists... Done
Building dependency tree
Reading state information... Done
The following NEW packages will be installed:
  grep 
0 upgraded, 1 newly installed, 0 to remove and 259 not upgraded.
Need to get 426.2kB of archives.
After this operation, 937.2kB of additional disk space will be used.
Get:1 http://ftp.debian.org stable/main grep 0.27-2 [426.2kB]
Fetched 426.2kB in 1s (4493B/s)
Reading package fields... Done
Reading package status... Done
(Reading database ... 177887 files and directories currently installed.)
Unpacking grep (from .../archives/grep_0.27-2_i386.deb) ...
Processing triggers for man-db ...
Setting up grep (0.27-2) ...
[4hAWSWeb:/# [Kapt-get install grep[20D[Kgrep libGL /proc/$(pidof aquaria)/maps
bash: grep: command not found
AWSWeb:/# aptitude -f install\[1D[1P
bash: aptitude: command not found
AWSWeb:/# su aptitude -f install
[4l[4hAWSWeb:/# [Ksu aptitude -f install[1D[1C
[4l[4hAWSWeb:/# sudo
bash: sudo: command not found
AWSWeb:/# clear
[4lc[4hAWSWeb:/# env -i bash --norc
bash: env: command not found
AWSWeb:/# apt-get -f install
[4lE: Could not open lock file /var/lib/apt/lists/lock - open (13: Permission denied)
E: Unable to lock the list directory
[4hAWSWeb:/# [Kapt-get -f install gcc
[4lE: Could not open lock file /var/lib/apt/lists/lock - open (13: Permission denied)
E: Unable to lock the list directory
[4hAWSWeb:/# [Kapt-get -f install gcc[1D[1P[1D[1P[1D[1P[1D[1P[1D[1P[1D[1P[1D[1P[1D[1P[1D[1P[1D[1P[1D[1P[1D[1P[1D[1P[1D[1P[1D[1P[1D[1P[1D[1P[1D[1P[1D[1P[1D[1P[1D[1P[1D[1Papt-get update
[4lE: Could not open lock file /var/lib/apt/lists/lock - open (13: Permission denied)
E: Unable to lock the list directory
[4hAWSWeb:/# reboot
[4l
Broadcast message from root@AWSWeb (pts/0) (Sat Nov 30 20:36:29 2013):

The system is going down for reboot NOW!
Connection to server closed.
[4hlocalhost:~# 