[4hAWSWeb:~# passwd
[4lEnter new UNIX password: 
Retype new UNIX password: 
passwd: password updated successfully
[4hAWSWeb:~# w
[4l 14:24:17 up 34 days, 19:45,  1 users, load averages: 0.09 0.05 0.05
USER     TTY      FROM              LOGIN@   IDLE   JCPU   PCPU WHAT
root     pts/2    186.215.247.108   14:23    0.09   0.05   0.05 w
[4hAWSWeb:~# ps x
[4l  PID TTY          TIME CMD
 5478 pts/0    00:00:00 bash
 5679 pts/0    00:00:00 ps x
[4hAWSWeb:~# ifconfig
[4leth0      Link encap:Ethernet  HWaddr 00:4c:a8:ab:32:f4  
          inet addr:10.98.55.4  Bcast:10.98.55.255  Mask:255.255.255.0
          inet6 addr: fe80::21f:c6ac:fd44:24d7/64 Scope:Link
          UP BROADCAST RUNNING MULTICAST  MTU:1500  Metric:1
          RX packets:84045991 errors:0 dropped:0 overruns:0 frame:0
          TX packets:103776307 errors:0 dropped:0 overruns:0 carrier:2
          collisions:0 txqueuelen:1000 
          RX bytes:50588302699 (47.1 GiB)  TX bytes:97318807157 (90.6 GiB)

lo        Link encap:Local Loopback  
          inet addr:127.0.0.1  Mask:255.0.0.0
          inet6 addr: ::1/128 Scope:Host
          UP LOOPBACK RUNNING  MTU:16436  Metric:1
          RX packets:308297 errors:0 dropped:0 overruns:0 frame:0
          TX packets:308297 errors:0 dropped:0 overruns:0 carrier:0
          collisions:0 txqueuelen:0 
          RX bytes:355278106 (338.8 MiB)  TX bytes:355278106 (338.8 MiB)
[4hAWSWeb:~# ls -la
[4ldrwxr-xr-x 1 root root 4096 2013-11-27 14:24 .
drwxr-xr-x 1 root root 4096 2013-11-27 14:24 ..
drwxr-xr-x 1 root root 4096 2009-11-06 11:16 .debtags
-rw------- 1 root root 5515 2009-11-20 09:08 .viminfo
drwx------ 1 root root 4096 2009-11-06 11:13 .aptitude
-rw-r--r-- 1 root root  140 2009-11-06 11:09 .profile
-rw-r--r-- 1 root root  412 2009-11-06 11:09 .bashrc
[4hAWSWeb:~# id
[4luid=0(root) gid=0(root) groups=0(root)
[4hAWSWeb:~# uname -a
[4lLinux AWSWeb 2.6.24-2-generic #1 SMP Thu Dec 20 17:36:12 GMT 2007 i686 GNU/Linux
[4hAWSWeb:~# ifconfig
[4leth0      Link encap:Ethernet  HWaddr 00:4c:a8:ab:32:f4  
          inet addr:10.98.55.4  Bcast:10.98.55.255  Mask:255.255.255.0
          inet6 addr: fe80::21f:c6ac:fd44:24d7/64 Scope:Link
          UP BROADCAST RUNNING MULTICAST  MTU:1500  Metric:1
          RX packets:84045991 errors:0 dropped:0 overruns:0 frame:0
          TX packets:103776307 errors:0 dropped:0 overruns:0 carrier:2
          collisions:0 txqueuelen:1000 
          RX bytes:50588302699 (47.1 GiB)  TX bytes:97318807157 (90.6 GiB)

lo        Link encap:Local Loopback  
          inet addr:127.0.0.1  Mask:255.0.0.0
          inet6 addr: ::1/128 Scope:Host
          UP LOOPBACK RUNNING  MTU:16436  Metric:1
          RX packets:308297 errors:0 dropped:0 overruns:0 frame:0
          TX packets:308297 errors:0 dropped:0 overruns:0 carrier:0
          collisions:0 txqueuelen:0 
          RX bytes:355278106 (338.8 MiB)  TX bytes:355278106 (338.8 MiB)
[4hAWSWeb:~# df -h
bash: df: command not found
AWSWeb:~# cat /proc/cpuinfo
[4lprocessor	: 0
vendor_id	: GenuineIntel
cpu family	: 6
model		: 23
model name	: Intel(R) Core(TM)2 Duo CPU     E8200  @ 2.66GHz
stepping	: 6
cpu MHz		: 2133.305
cache size	: 6144 KB
physical id	: 0
siblings	: 2
core id		: 0
cpu cores	: 2
apicid		: 0
initial apicid	: 0
fpu		: yes
fpu_exception	: yes
cpuid level	: 10
wp		: yes
flags		: fpu vme de pse tsc msr pae mce cx8 apic sep mtrr pge mca cmov pat pse36 clflush dts acpi mmx fxsr sse sse2 ss ht tm pbe syscall nx lm constant_tsc arch_perfmon pebs bts rep_good pni monitor ds_cpl vmx smx est tm2 ssse3 cx16 xtpr sse4_1 lahf_lm
bogomips	: 4270.03
clflush size	: 64
cache_alignment	: 64
address sizes	: 36 bits physical, 48 bits virtual
power management:

processor	: 1
vendor_id	: GenuineIntel
cpu family	: 6
model		: 23
model name	: Intel(R) Core(TM)2 Duo CPU     E8200  @ 2.66GHz
stepping	: 6
cpu MHz		: 2133.305
cache size	: 6144 KB
physical id	: 0
siblings	: 2
core id		: 1
cpu cores	: 2
apicid		: 1
initial apicid	: 1
fpu		: yes
fpu_exception	: yes
cpuid level	: 10
wp		: yes
flags		: fpu vme de pse tsc msr pae mce cx8 apic sep mtrr pge mca cmov pat pse36 clflush dts acpi mmx fxsr sse sse2 ss ht tm pbe syscall nx lm constant_tsc arch_perfmon pebs bts rep_good pni monitor ds_cpl vmx smx est tm2 ssse3 cx16 xtpr sse4_1 lahf_lm
bogomips	: 4266.61
clflush size	: 64
cache_alignment	: 64
address sizes	: 36 bits physical, 48 bits virtual
power management:

[4hAWSWeb:~# df -h
bash: df: command not found
AWSWeb:~# cat /etc/issue
[4lDebian GNU/Linux 5.0 \n \l

[4hAWSWeb:~# w
[4l 16:25:48 up 34 days, 21:47,  1 users, load averages: 0.09 0.05 0.05
USER     TTY      FROM              LOGIN@   IDLE   JCPU   PCPU WHAT
root     pts/2    186.215.247.108   14:23    0.09   0.05   0.05 w
[4hAWSWeb:~# ifconfig
[4leth0      Link encap:Ethernet  HWaddr 00:4c:a8:ab:32:f4  
          inet addr:10.98.55.4  Bcast:10.98.55.255  Mask:255.255.255.0
          inet6 addr: fe80::21f:c6ac:fd44:24d7/64 Scope:Link
          UP BROADCAST RUNNING MULTICAST  MTU:1500  Metric:1
          RX packets:84045991 errors:0 dropped:0 overruns:0 frame:0
          TX packets:103776307 errors:0 dropped:0 overruns:0 carrier:2
          collisions:0 txqueuelen:1000 
          RX bytes:50588302699 (47.1 GiB)  TX bytes:97318807157 (90.6 GiB)

lo        Link encap:Local Loopback  
          inet addr:127.0.0.1  Mask:255.0.0.0
          inet6 addr: ::1/128 Scope:Host
          UP LOOPBACK RUNNING  MTU:16436  Metric:1
          RX packets:308297 errors:0 dropped:0 overruns:0 frame:0
          TX packets:308297 errors:0 dropped:0 overruns:0 carrier:0
          collisions:0 txqueuelen:0 
          RX bytes:355278106 (338.8 MiB)  TX bytes:355278106 (338.8 MiB)
[4hAWSWeb:~# uname -a
[4lLinux AWSWeb 2.6.24-2-generic #1 SMP Thu Dec 20 17:36:12 GMT 2007 i686 GNU/Linux
[4hAWSWeb:~# passwd root
[4lEnter new UNIX password: 
Retype new UNIX password: 
passwd: password updated successfully
[4hAWSWeb:~# ssh localhost
[4lThe authenticity of host 'localhost (66.26.169.14)' can't be established.
RSA key fingerprint is 9d:30:97:8a:9e:48:0d:de:04:8d:76:3a:7b:4b:30:f8.
Are you sure you want to continue connecting (yes/no)? fu[1D[1P[1D[1Pyes
Warning: Permanently added 'localhost' (RSA) to the list of known hosts.
root@localhost's password: 
Linux localhost 2.6.26-2-686 #1 SMP Wed Nov 4 20:45:37 UTC 2009 i686
Last login: Tue Nov 26 06:15:39 2013 from 192.168.9.4
[4hlocalhost:~# id
[4luid=0(root) gid=0(root) groups=0(root)
[4hlocalhost:~# uname -a
[4lLinux localhost 2.6.24-2-generic #1 SMP Thu Dec 20 17:36:12 GMT 2007 i686 GNU/Linux
[4hlocalhost:~# w
[4l 16:27:56 up 34 days, 21:49,  1 users, load averages: 0.09 0.05 0.05
USER     TTY      FROM              LOGIN@   IDLE   JCPU   PCPU WHAT
root     pts/2    186.215.247.108   14:23    0.09   0.05   0.05 w
[4hlocalhost:~# host 66.26.169.14
bash: host: command not found
localhost:~# ssh 66.26.169.14
[4lThe authenticity of host '66.26.169.14 (66.26.169.14)' can't be established.
RSA key fingerprint is 9d:30:97:8a:9e:48:0d:de:04:8d:76:3a:7b:4b:30:f8.
Are you sure you want to continue connecting (yes/no)? yes
Warning: Permanently added '66.26.169.14' (RSA) to the list of known hosts.
root@66.26.169.14's password: 
Linux localhost 2.6.26-2-686 #1 SMP Wed Nov 4 20:45:37 UTC 2009 i686
Last login: Tue Nov 26 06:16:09 2013 from 192.168.9.4
[4hlocalhost:~# w
[4l 16:28:13 up 34 days, 21:49,  1 users, load averages: 0.09 0.05 0.05
USER     TTY      FROM              LOGIN@   IDLE   JCPU   PCPU WHAT
root     pts/2    186.215.247.108   14:23    0.09   0.05   0.05 w
[4hlocalhost:~# exit
[4lcConnection to server closed.
[4hlocalhost:~# exit
[4lcConnection to server closed.
[4hlocalhost:~# exit[1D[1P[1D[1P[1D[1P[1D[1Pexit
[4lcConnection to server closed.
[4hlocalhost:~# exit
[4lcConnection to server closed.
[4hlocalhost:~# id
[4luid=0(root) gid=0(root) groups=0(root)
[4hlocalhost:~# uname -a
[4lLinux localhost 2.6.24-2-generic #1 SMP Thu Dec 20 17:36:12 GMT 2007 i686 GNU/Linux
[4hlocalhost:~# ls -la
[4ldrwxr-xr-x 1 root root 4096 2013-11-27 16:28 .
drwxr-xr-x 1 root root 4096 2013-11-27 16:28 ..
drwxr-xr-x 1 root root 4096 2009-11-06 11:16 .debtags
-rw------- 1 root root 5515 2009-11-20 09:08 .viminfo
drwx------ 1 root root 4096 2009-11-06 11:13 .aptitude
-rw-r--r-- 1 root root  140 2009-11-06 11:09 .profile
-rw-r--r-- 1 root root  412 2009-11-06 11:09 .bashrc
[4hlocalhost:~# exit
[4lcConnection to server closed.
[4hlocalhost:~# exit
[4lcConnection to server closed.
[4hlocalhost:~# exit
[4lcConnection to server closed.
[4hlocalhost:~# id
[4luid=0(root) gid=0(root) groups=0(root)
[4hlocalhost:~# 