[4hAWSWeb:~# nmap localhost
bash: nmap: command not found
AWSWeb:~# netstat -tl
bash: netstat: command not found
AWSWeb:~# bash
[4l[4hAWSWeb:~# which bash
bash: which: command not found
AWSWeb:~# ll[1D[1P[1D[1Pls -l
[4ldrwxr-xr-x 1 root root 4096 2013-03-12 08:44 .
drwxr-xr-x 1 root root 4096 2013-03-12 08:44 ..
drwxr-xr-x 1 root root 4096 2009-11-06 11:16 .debtags
-rw------- 1 root root 5515 2009-11-20 09:08 .viminfo
drwx------ 1 root root 4096 2009-11-06 11:13 .aptitude
-rw-r--r-- 1 root root  140 2009-11-06 11:09 .profile
-rw-r--r-- 1 root root  412 2009-11-06 11:09 .bashrc
[4hAWSWeb:~# cd ..[1D[1P[1D[1P/
[4l[4hAWSWeb:/# ls -l
[4ldrwxr-xr-x 1 root root  4096 2013-03-12 08:45 .
drwxr-xr-x 1 root root  4096 2013-03-12 08:45 ..
drwxr-xr-x 1 root root     0 2009-11-20 08:19 sys
drwxr-xr-x 1 root root  4096 2009-11-08 15:42 bin
drwxr-xr-x 1 root root  4096 2009-11-06 11:08 mnt
drwxr-xr-x 1 root root  4096 2009-11-06 11:08 media
lrwxrwxrwx 1 root root    25 2009-11-06 11:16 vmlinuz -> /boot/vmlinuz-2.6.26-2-686
drwxr-xr-x 1 root root  4096 2009-11-06 11:09 opt
lrwxrwxrwx 1 root root    11 2009-11-06 11:08 cdrom -> /media/cdrom0
drwxr-xr-x 1 root root  4096 2009-11-06 11:08 selinux
drwxrwxrwx 1 root root  4096 2009-11-20 08:19 tmp
dr-xr-xr-x 1 root root     0 2009-11-20 08:19 proc
drwxr-xr-x 1 root root  4096 2009-11-08 15:41 sbin
drwxr-xr-x 1 root root  4096 2009-11-20 08:20 etc
drwxr-xr-x 1 root root  3200 2009-11-20 08:20 dev
drwxr-xr-x 1 root root  4096 2009-11-06 11:09 srv
lrwxrwxrwx 1 root root    28 2009-11-06 11:16 initrd.img -> /boot/initrd.img-2.6.26-2-686
drwxr-xr-x 1 root root  4096 2009-11-08 15:46 lib
drwxr-xr-x 1 root root  4096 2009-11-06 11:22 home
drwxr-xr-x 1 root root  4096 2009-11-06 11:09 var
drwxr-xr-x 1 root root  4096 2009-11-08 15:46 usr
drwxr-xr-x 1 root root  4096 2009-11-08 15:39 boot
drwxr-xr-x 1 root root  4096 2009-11-20 09:08 root
drwx------ 1 root root 16384 2009-11-06 11:08 lost+found
[4hAWSWeb:/# cat /proc[1D[1P[1D[1P[1D[1P[1D[1P[1D[1P[1D[1P[1D[1P[1D[1P[1D[1Pcat /proc/ver[1D[1P[1D[1P[1D[1P[1D[1P[1D[1P[1D[1P[1D[1P[1D[1P[1D[1P[1D[1P[1D[1P[1D[1P[1D[1Pcat /proc/version 
[4lcat: /proc/version: No such file or directory
[4hAWSWeb:/# [Kcat /proc/version cat[1D[1P[1D[1P[1D[1P[1D[1P[1D[1P[1D[1P[1D[1P[1D[1P[1D[1P[1D[1P[1D[1P[1D[1P[1D[1P[1D[1P[1D[1P[1D[1P[1D[1P[1D[1P[1D[1P[1D[1P[1D[1Pcat /etc/issue
[4lDebian GNU/Linux 5.0 \n \l

[4hAWSWeb:/# which chkconfig
bash: which: command not found
AWSWeb:/# service
bash: service: command not found
AWSWeb:/# ps -ef
[4l  PID TTY          TIME CMD
 5478 pts/0    00:00:00 bash
 5679 pts/0    00:00:00 ps -ef
[4hAWSWeb:/# exit
[4lcConnection to server closed.
[4hlocalhost:~# cat [1D[1P[1D[1P[1D[1P[1D[1Pclear[1D[1P[1D[1P[1D[1P[1D[1P[1D[1Pls -l
[4ldrwxr-xr-x 1 root root 4096 2013-03-12 08:46 .
drwxr-xr-x 1 root root 4096 2013-03-12 08:46 ..
drwxr-xr-x 1 root root 4096 2009-11-06 11:16 .debtags
-rw------- 1 root root 5515 2009-11-20 09:08 .viminfo
drwx------ 1 root root 4096 2009-11-06 11:13 .aptitude
-rw-r--r-- 1 root root  140 2009-11-06 11:09 .profile
-rw-r--r-- 1 root root  412 2009-11-06 11:09 .bashrc
[4hlocalhost:~# exit
[4lcConnection to server closed.
[4hlocalhost:~# exi
bash: exi: command not found
localhost:~# exit
[4lcConnection to server closed.
[4hlocalhost:~# 
localhost:~# 
localhost:~# ifconig[1D[1P[1D[1P[1D[1Pnfig
[4leth0      Link encap:Ethernet  HWaddr 00:4c:a8:ab:32:f4  
          inet addr:10.98.55.4  Bcast:10.98.55.255  Mask:255.255.255.0
          inet6 addr: fe80::21f:c6ac:fd44:24d7/64 Scope:Link
          UP BROADCAST RUNNING MULTICAST  MTU:1500  Metric:1
          RX packets:84045991 errors:0 dropped:0 overruns:0 frame:0
          TX packets:103776307 errors:0 dropped:0 overruns:0 carrier:2
          collisions:0 txqueuelen:1000 
          RX bytes:50588302699 (47.1 GiB)  TX bytes:97318807157 (90.6 GiB)

lo        Link encap:Local Loopback  
          inet addr:127.0.0.1  Mask:255.0.0.0
          inet6 addr: ::1/128 Scope:Host
          UP LOOPBACK RUNNING  MTU:16436  Metric:1
          RX packets:308297 errors:0 dropped:0 overruns:0 frame:0
          TX packets:308297 errors:0 dropped:0 overruns:0 carrier:0
          collisions:0 txqueuelen:0 
          RX bytes:355278106 (338.8 MiB)  TX bytes:355278106 (338.8 MiB)
[4hlocalhost:~# which exit
bash: which: command not found
localhost:~# cd /
[4l[4hlocalhost:/# ll
bash: ll: command not found
localhost:/# logout
[4lcConnection to server closed.
[4hlocalhost:~# 
localhost:~# 
localhost:~# reb[1D[1P[1D[1P[1D[1P