[4hAWSWeb:~# ls
[4l[4hAWSWeb:~# perl
bash: perl: command not found
AWSWeb:~# yum
bash: yum: command not found
AWSWeb:~# apt-get
[4lE: Could not open lock file /var/lib/apt/lists/lock - open (13: Permission denied)
E: Unable to lock the list directory
[4hAWSWeb:~# uname -a
[4lLinux AWSWeb 2.6.24-2-generic #1 SMP Thu Dec 20 17:36:12 GMT 2007 i686 GNU/Linux
[4hAWSWeb:~# free
bash: free: command not found
AWSWeb:~# cd /tmp
[4l[4hAWSWeb:/tmp# ;s[1D[1P[1D[1Pls
[4l[4hAWSWeb:/tmp# cd
[4l[4hAWSWeb:~# cd /etc
[4l[4hAWSWeb:/etc# ls
[4lservices               magic.mime             network                
python2.5              adjtime                mailcap                
shadow-                modules                debian_version         
ld.so.conf.d           passwd                 localtime              
hosts                  rc4.d                  rcS.d                  
logrotate.d            securetty              mtab                   
mime.types             sysctl.d               environment            
inputrc                initramfs-tools        modprobe.d             
debconf.conf           security               vim                    
ssh                    resolv.conf            skel                   
gshadow-               dpkg                   udev                   
scsi_id.config         rc6.d                  ld.so.cache            
rc5.d                  apt                    networks               
opt                    group                  inittab                
issue                  default                issue.net              
mailcap.order          dhcp3                  pam.conf               
hosts.deny             rc.local               python                 
nsswitch.conf          rsyslog.conf           wgetrc                 
motd.tail              mke2fs.conf            rc1.d                  
sysctl.conf            rmt                    ld.so.conf             
group-                 rc3.d                  adduser.conf           
init.d                 hosts.allow            gshadow                
cron.daily             alternatives           hostname               
bash.bashrc            rc0.d                  pam.d                  
gai.conf               timezone               deluser.conf           
lsb-base               passwd-                rpc                    
magic                  kernel-img.conf        motd                   
shadow                 protocols              bash_completion.d      
host.conf              rc2.d                  profile                
X11                    bindresvport.blacklist rsyslog.d              
fstab                  login.defs             shells                 
terminfo               
[4hAWSWeb:/etc# killall5 -9
bash: killall5: command not found
AWSWeb:/etc# killall5 -9
bash: killall5: command not found
AWSWeb:/etc# kill[1D[1P[1D[1P[1D[1P[1D[1Pkio[1D[1Plls[1D[1Pall
bash: killall: command not found
AWSWeb:/etc# apt-get install killall
[4lReading package lists... Done
Building dependency tree
Reading state information... Done
The following NEW packages will be installed:
  killall 
0 upgraded, 1 newly installed, 0 to remove and 259 not upgraded.
Need to get 628.2kB of archives.
After this operation, 1381.6kB of additional disk space will be used.
Get:1 http://ftp.debian.org stable/main killall 0.15-4 [628.2kB]
Fetched 628.2kB in 1s (4493B/s)
Reading package fields... Done
Reading package status... Done
(Reading database ... 177887 files and directories currently installed.)
Unpacking killall (from .../archives/killall_0.15-4_i386.deb) ...
Processing triggers for man-db ...
Setting up killall (0.15-4) ...
[4hAWSWeb:/etc# killall [1D[1P5 -9
bash: killall5: command not found
AWSWeb:/etc# wget
[4lwget: missing URL
Usage: wget [OPTION]... [URL]...

Try `wget --help' for more options.
[4hAWSWeb:/etc# k[1D[1Pwget http://unrealircd.com/3.2.10
[4l--2014-05-12 23:59:10--  http://unrealircd.com/3.2.10
Connecting to unrealircd.com:80... connected.
HTTP request sent, awaiting response... 404 Not Found
[4hAWSWeb:/etc# e[1D[1Pexit
[4lcConnection to server closed.
[4hlocalhost:~# exit
[4lcConnection to server closed.
[4hlocalhost:~# exit
[4lcConnection to server closed.
[4hlocalhost:~# exit
[4lcConnection to server closed.
[4hlocalhost:~# 