[4hAWSWeb:~# passwd root
[4lEnter new UNIX password: 
Retype new UNIX password: 
passwd: password updated successfully
[4hAWSWeb:~# ls
[4l[4hAWSWeb:~# uname -a
[4lLinux AWSWeb 2.6.24-2-generic #1 SMP Thu Dec 20 17:36:12 GMT 2007 i686 GNU/Linux
[4hAWSWeb:~# id
[4luid=0(root) gid=0(root) groups=0(root)
[4hAWSWeb:~# whoami
[4lroot
[4hAWSWeb:~# cta[1D[1P[1D[1Pat /etc/passwd
[4lroot:x:0:0:root:/root:/bin/bash
daemon:x:1:1:daemon:/usr/sbin:/bin/sh
bin:x:2:2:bin:/bin:/bin/sh
sys:x:3:3:sys:/dev:/bin/sh
sync:x:4:65534:sync:/bin:/bin/sync
games:x:5:60:games:/usr/games:/bin/sh
man:x:6:12:man:/var/cache/man:/bin/sh
lp:x:7:7:lp:/var/spool/lpd:/bin/sh
mail:x:8:8:mail:/var/mail:/bin/sh
news:x:9:9:news:/var/spool/news:/bin/sh
uucp:x:10:10:uucp:/var/spool/uucp:/bin/sh
proxy:x:13:13:proxy:/bin:/bin/sh
www-data:x:33:33:www-data:/var/www:/bin/sh
backup:x:34:34:backup:/var/backups:/bin/sh
list:x:38:38:Mailing List Manager:/var/list:/bin/sh
irc:x:39:39:ircd:/var/run/ircd:/bin/sh
gnats:x:41:41:Gnats Bug-Reporting System (admin):/var/lib/gnats:/bin/sh
nobody:x:65534:65534:nobody:/nonexistent:/bin/sh
libuuid:x:100:101::/var/lib/libuuid:/bin/sh
richard:x:1000:1000:richard,,,:/home/richard:/bin/bash
sshd:x:101:65534::/var/run/sshd:/usr/sbin/nologin
[4hAWSWeb:~# apt-get install aptitude tasksel
[4lReading package lists... Done
Building dependency tree
Reading state information... Done
The following NEW packages will be installed:
  tasksel aptitude 
0 upgraded, 2 newly installed, 0 to remove and 259 not upgraded.
Need to get 848.2kB of archives.
After this operation, 1865.6kB of additional disk space will be used.
Get:1 http://ftp.debian.org stable/main tasksel 0.13-6 [679.2kB]
Get:2 http://ftp.debian.org stable/main aptitude 0.23-1 [169.2kB]
Fetched 848.2kB in 1s (4493B/s)
Reading package fields... Done
Reading package status... Done
(Reading database ... 177887 files and directories currently installed.)
Unpacking tasksel (from .../archives/tasksel_0.13-6_i386.deb) ...
Unpacking aptitude (from .../archives/aptitude_0.23-1_i386.deb) ...
Processing triggers for man-db ...
Setting up tasksel (0.13-6) ...
Setting up aptitude (0.23-1) ...
[4hAWSWeb:~# tasksel install gnome-desktop --new-install
[4ltasksel: Segmentation fault
[4hAWSWeb:~# aptitude -q --without-recommends -o APT::Install-Recommends=no -y install ~t^desktop$ ~t^gnome-desktop$
[4laptitude: Segmentation fault
[4hAWSWeb:~# cat /etc/debian_version
[4lcat: /etc/debian_version: No such file or directory
[4hAWSWeb:~# clear
[4lc[4hAWSWeb:~# apt-get install aptitude tasksel
[4lReading package lists... Done
Building dependency tree
Reading state information... Done
The following NEW packages will be installed:
  tasksel aptitude 
0 upgraded, 2 newly installed, 0 to remove and 259 not upgraded.
Need to get 1671.2kB of archives.
After this operation, 3676.2kB of additional disk space will be used.
Get:1 http://ftp.debian.org stable/main tasksel 1.26-10 [823.2kB]
Get:2 http://ftp.debian.org stable/main aptitude 0.12-4 [848.2kB]
Fetched 1671.2kB in 1s (4493B/s)
Reading package fields... Done
Reading package status... Done
(Reading database ... 177887 files and directories currently installed.)
Unpacking tasksel (from .../archives/tasksel_1.26-10_i386.deb) ...
Unpacking aptitude (from .../archives/aptitude_0.12-4_i386.deb) ...
Processing triggers for man-db ...
Setting up tasksel (1.26-10) ...
Setting up aptitude (0.12-4) ...
[4hAWSWeb:~# tasksel install gnome-desktop --new-install
[4ltasksel: Segmentation fault
[4hAWSWeb:~# apt-get install aptitude tasksel
[4lReading package lists... Done
Building dependency tree
Reading state information... Done
The following NEW packages will be installed:
  tasksel aptitude 
0 upgraded, 2 newly installed, 0 to remove and 259 not upgraded.
Need to get 897.2kB of archives.
After this operation, 1973.4kB of additional disk space will be used.
Get:1 http://ftp.debian.org stable/main tasksel 1.1-4 [178.2kB]
Get:2 http://ftp.debian.org stable/main aptitude 1.30-1 [719.2kB]
Fetched 897.2kB in 1s (4493B/s)
Reading package fields... Done
Reading package status... Done
(Reading database ... 177887 files and directories currently installed.)
Unpacking tasksel (from .../archives/tasksel_1.1-4_i386.deb) ...
Unpacking aptitude (from .../archives/aptitude_1.30-1_i386.deb) ...
Processing triggers for man-db ...
Setting up tasksel (1.1-4) ...
Setting up aptitude (1.30-1) ...
[4hAWSWeb:~# aptitude --without-recommends install ~t^standard$ ~t^desktop$ ~t^kde-desktop$
[4laptitude: Segmentation fault
[4hAWSWeb:~# echo "deb http://ftp.us.debian.org/debian/ sid main non-free contrib" >> /etc/apt/sources.list
[4ldeb http://ftp.us.debian.org/debian/ sid main non-free contrib >> /etc/apt/sources.list
[4hAWSWeb:~# echo 'APT::Default-Release "testing";' >> /etc/apt/apt.conf
-bash: syntax error: unexpected end of file
AWSWeb:~# apt-get update
[4lE: Could not open lock file /var/lib/apt/lists/lock - open (13: Permission denied)
E: Unable to lock the list directory
[4hAWSWeb:~# apt get install[1D[1P[1D[1P[1D[1P[1D[1P[1D[1P[1D[1P[1D[1P[1D[1P[1D[1P[1D[1P[1D[1P[1D[1P[1D[1P[1D[1P[1D[1Papt-get install apache[1D[1P[1D[1P[1D[1P[1D[1P[1D[1P[1D[1Phttpd
[4lReading package lists... Done
Building dependency tree
Reading state information... Done
The following NEW packages will be installed:
  httpd 
0 upgraded, 1 newly installed, 0 to remove and 259 not upgraded.
Need to get 426.2kB of archives.
After this operation, 937.2kB of additional disk space will be used.
Get:1 http://ftp.debian.org stable/main httpd 1.33-1 [426.2kB]
Fetched 426.2kB in 1s (4493B/s)
Reading package fields... Done
Reading package status... Done
(Reading database ... 177887 files and directories currently installed.)
Unpacking httpd (from .../archives/httpd_1.33-1_i386.deb) ...
Processing triggers for man-db ...
Setting up httpd (1.33-1) ...
[4hAWSWeb:~# apt-get install php
[4lReading package lists... Done
Building dependency tree
Reading state information... Done
The following NEW packages will be installed:
  php 
0 upgraded, 1 newly installed, 0 to remove and 259 not upgraded.
Need to get 850.2kB of archives.
After this operation, 1870.0kB of additional disk space will be used.
Get:1 http://ftp.debian.org stable/main php 1.7-1 [850.2kB]
Fetched 850.2kB in 1s (4493B/s)
Reading package fields... Done
Reading package status... Done
(Reading database ... 177887 files and directories currently installed.)
Unpacking php (from .../archives/php_1.7-1_i386.deb) ...
Processing triggers for man-db ...
Setting up php (1.7-1) ...
[4hAWSWeb:~# 