[4hAWSWeb:~# dir
bash: dir: command not found
AWSWeb:~# cd /etc/
[4l[4hAWSWeb:/etc# ls
[4lservices               magic.mime             network                
python2.5              adjtime                mailcap                
shadow-                modules                debian_version         
ld.so.conf.d           passwd                 localtime              
hosts                  rc4.d                  rcS.d                  
logrotate.d            securetty              mtab                   
mime.types             sysctl.d               environment            
inputrc                initramfs-tools        modprobe.d             
debconf.conf           security               vim                    
ssh                    resolv.conf            skel                   
gshadow-               dpkg                   udev                   
scsi_id.config         rc6.d                  ld.so.cache            
rc5.d                  apt                    networks               
opt                    group                  inittab                
issue                  default                issue.net              
mailcap.order          dhcp3                  pam.conf               
hosts.deny             rc.local               python                 
nsswitch.conf          rsyslog.conf           wgetrc                 
motd.tail              mke2fs.conf            rc1.d                  
sysctl.conf            rmt                    ld.so.conf             
group-                 rc3.d                  adduser.conf           
init.d                 hosts.allow            gshadow                
cron.daily             alternatives           hostname               
bash.bashrc            rc0.d                  pam.d                  
gai.conf               timezone               deluser.conf           
lsb-base               passwd-                rpc                    
magic                  kernel-img.conf        motd                   
shadow                 protocols              bash_completion.d      
host.conf              rc2.d                  profile                
X11                    bindresvport.blacklist rsyslog.d              
fstab                  login.defs             shells                 
terminfo               
[4hAWSWeb:/etc# mkdir I LOVE KIPPO!!!
[4l[4hAWSWeb:/etc# mkdir Tobad its 2 [1D[1P[1D[1Pnot that good
[4l[4hAWSWeb:/etc# clear
[4lc[4hAWSWeb:/etc# ls
[4lservices               magic.mime             network                
python2.5              adjtime                mailcap                
shadow-                modules                debian_version         
ld.so.conf.d           passwd                 localtime              
hosts                  rc4.d                  rcS.d                  
logrotate.d            securetty              mtab                   
mime.types             sysctl.d               environment            
inputrc                initramfs-tools        modprobe.d             
debconf.conf           security               vim                    
ssh                    resolv.conf            skel                   
gshadow-               dpkg                   udev                   
scsi_id.config         rc6.d                  ld.so.cache            
rc5.d                  apt                    networks               
opt                    group                  inittab                
issue                  default                issue.net              
mailcap.order          dhcp3                  pam.conf               
hosts.deny             rc.local               python                 
nsswitch.conf          rsyslog.conf           wgetrc                 
motd.tail              mke2fs.conf            rc1.d                  
sysctl.conf            rmt                    ld.so.conf             
group-                 rc3.d                  adduser.conf           
init.d                 hosts.allow            gshadow                
cron.daily             alternatives           hostname               
bash.bashrc            rc0.d                  pam.d                  
gai.conf               timezone               deluser.conf           
lsb-base               passwd-                rpc                    
magic                  kernel-img.conf        motd                   
shadow                 protocols              bash_completion.d      
host.conf              rc2.d                  profile                
X11                    bindresvport.blacklist rsyslog.d              
fstab                  login.defs             shells                 
terminfo               I                      LOVE                   
KIPPO!!!               Tobad                  its                    
not                    that                   good                   
[4hAWSWeb:/etc# cd Lo[1D[1POVE
[4l[4hAWSWeb:/etc/LOVE# ls
[4l[4hAWSWeb:/etc/LOVE# cd ..
[4l[4hAWSWeb:/etc# ls
[4lservices               magic.mime             network                
python2.5              adjtime                mailcap                
shadow-                modules                debian_version         
ld.so.conf.d           passwd                 localtime              
hosts                  rc4.d                  rcS.d                  
logrotate.d            securetty              mtab                   
mime.types             sysctl.d               environment            
inputrc                initramfs-tools        modprobe.d             
debconf.conf           security               vim                    
ssh                    resolv.conf            skel                   
gshadow-               dpkg                   udev                   
scsi_id.config         rc6.d                  ld.so.cache            
rc5.d                  apt                    networks               
opt                    group                  inittab                
issue                  default                issue.net              
mailcap.order          dhcp3                  pam.conf               
hosts.deny             rc.local               python                 
nsswitch.conf          rsyslog.conf           wgetrc                 
motd.tail              mke2fs.conf            rc1.d                  
sysctl.conf            rmt                    ld.so.conf             
group-                 rc3.d                  adduser.conf           
init.d                 hosts.allow            gshadow                
cron.daily             alternatives           hostname               
bash.bashrc            rc0.d                  pam.d                  
gai.conf               timezone               deluser.conf           
lsb-base               passwd-                rpc                    
magic                  kernel-img.conf        motd                   
shadow                 protocols              bash_completion.d      
host.conf              rc2.d                  profile                
X11                    bindresvport.blacklist rsyslog.d              
fstab                  login.defs             shells                 
terminfo               I                      LOVE                   
KIPPO!!!               Tobad                  its                    
not                    that                   good                   
[4hAWSWeb:/etc# 
AWSWeb:/etc# 
AWSWeb:/etc# 
AWSWeb:/etc# 
AWSWeb:/etc# 
AWSWeb:/etc# 
AWSWeb:/etc# 
AWSWeb:/etc# 
AWSWeb:/etc# 
AWSWeb:/etc# 
AWSWeb:/etc# 
AWSWeb:/etc# 
AWSWeb:/etc# 
AWSWeb:/etc# 
AWSWeb:/etc# 
AWSWeb:/etc# 
AWSWeb:/etc# 
AWSWeb:/etc# 
AWSWeb:/etc# 
AWSWeb:/etc# 
AWSWeb:/etc# 
AWSWeb:/etc# 
AWSWeb:/etc# 
AWSWeb:/etc# 
AWSWeb:/etc# 
AWSWeb:/etc# 
AWSWeb:/etc# 
AWSWeb:/etc# 
AWSWeb:/etc# 
AWSWeb:/etc# 
AWSWeb:/etc# 
AWSWeb:/etc# 
AWSWeb:/etc# 
AWSWeb:/etc# 
AWSWeb:/etc# 
AWSWeb:/etc# 
AWSWeb:/etc# 